2025-10-30 22:46:49,565 - INFO - Model info: {'total_parameters': 25557032, 'trainable_parameters': 25557032, 'model_size_mb': 97.49234008789062}
2025-10-30 22:46:52,608 - INFO - Step 0: {'train_loss_batch': 7.085630416870117, 'train_lr': 0.1, 'batch_time': 3.0360493659973145, 'data_time': 1.6995127201080322}
2025-10-30 22:47:42,068 - INFO - Step 100: {'train_loss_batch': 6.9125142097473145, 'train_lr': 0.1, 'batch_time': 0.5198079807923572, 'data_time': 0.017873093633368465}
2025-10-30 22:48:31,609 - INFO - Step 200: {'train_loss_batch': 6.904049873352051, 'train_lr': 0.1, 'batch_time': 0.5076692211094187, 'data_time': 0.009461419499335598}
2025-10-30 22:49:21,131 - INFO - Step 300: {'train_loss_batch': 6.90821647644043, 'train_lr': 0.1, 'batch_time': 0.5035346496936887, 'data_time': 0.0066460200718470985}
2025-10-30 22:50:11,193 - INFO - Step 400: {'train_loss_batch': 6.900728225708008, 'train_lr': 0.1, 'batch_time': 0.5028064851451693, 'data_time': 0.00638171324408857}
2025-10-30 22:51:00,715 - INFO - Step 500: {'train_loss_batch': 6.90116548538208, 'train_lr': 0.1, 'batch_time': 0.5012919779071313, 'data_time': 0.005304764844700248}
2025-10-30 22:51:50,247 - INFO - Step 600: {'train_loss_batch': 6.904446125030518, 'train_lr': 0.1, 'batch_time': 0.5002982921885968, 'data_time': 0.00459016500019194}
2025-10-30 22:52:40,295 - INFO - Step 700: {'train_loss_batch': 6.894151210784912, 'train_lr': 0.1, 'batch_time': 0.5003231592083114, 'data_time': 0.004752386313532287}
2025-10-30 22:53:30,564 - INFO - Step 800: {'train_loss_batch': 6.914898872375488, 'train_lr': 0.1, 'batch_time': 0.5006188411688834, 'data_time': 0.005158070470212253}
2025-10-30 22:54:20,829 - INFO - Step 900: {'train_loss_batch': 6.9210286140441895, 'train_lr': 0.1, 'batch_time': 0.5008441970562697, 'data_time': 0.005454845354374452}
2025-10-30 22:55:10,793 - INFO - Step 1000: {'train_loss_batch': 6.872913837432861, 'train_lr': 0.1, 'batch_time': 0.5007238650059962, 'data_time': 0.005327392886806797}
2025-10-30 22:56:00,464 - INFO - Step 1100: {'train_loss_batch': 6.86368989944458, 'train_lr': 0.1, 'batch_time': 0.5003588422659199, 'data_time': 0.004931658208640893}
2025-10-30 22:56:50,692 - INFO - Step 1200: {'train_loss_batch': 6.797366142272949, 'train_lr': 0.1, 'batch_time': 0.5005191672751548, 'data_time': 0.0050481594571662285}
2025-10-30 22:57:41,047 - INFO - Step 1300: {'train_loss_batch': 6.888815402984619, 'train_lr': 0.1, 'batch_time': 0.5007517238839785, 'data_time': 0.005227751405673426}
2025-10-30 22:58:31,508 - INFO - Step 1400: {'train_loss_batch': 6.8581156730651855, 'train_lr': 0.1, 'batch_time': 0.501027323193928, 'data_time': 0.005483082751560688}
2025-10-30 22:59:21,771 - INFO - Step 1500: {'train_loss_batch': 6.812999725341797, 'train_lr': 0.1, 'batch_time': 0.5011340164487001, 'data_time': 0.005540906072536522}
2025-10-30 23:00:11,499 - INFO - Step 1600: {'train_loss_batch': 6.780761241912842, 'train_lr': 0.1, 'batch_time': 0.5008928058000001, 'data_time': 0.005256525804518462}
2025-10-30 23:01:01,222 - INFO - Step 1700: {'train_loss_batch': 6.824431419372559, 'train_lr': 0.1, 'batch_time': 0.5006773630217339, 'data_time': 0.005003835088291426}
2025-10-30 23:01:51,671 - INFO - Step 1800: {'train_loss_batch': 6.792529582977295, 'train_lr': 0.1, 'batch_time': 0.5008891826864748, 'data_time': 0.005168260831689914}
2025-10-30 23:02:41,898 - INFO - Step 1900: {'train_loss_batch': 6.695616245269775, 'train_lr': 0.1, 'batch_time': 0.500961697396324, 'data_time': 0.005210860285992248}
2025-10-30 23:03:31,668 - INFO - Step 2000: {'train_loss_batch': 6.8335113525390625, 'train_lr': 0.1, 'batch_time': 0.500798578324287, 'data_time': 0.004997862511310263}
2025-10-30 23:04:22,045 - INFO - Step 2100: {'train_loss_batch': 6.7818145751953125, 'train_lr': 0.1, 'batch_time': 0.5009402202913047, 'data_time': 0.005080189039910311}
2025-10-30 23:05:12,640 - INFO - Step 2200: {'train_loss_batch': 6.753451347351074, 'train_lr': 0.1, 'batch_time': 0.5011674299504421, 'data_time': 0.00525499722568732}
2025-10-30 23:06:02,482 - INFO - Step 2300: {'train_loss_batch': 6.715010166168213, 'train_lr': 0.1, 'batch_time': 0.5010482959258251, 'data_time': 0.005071419107038422}
2025-10-30 23:06:52,623 - INFO - Step 2400: {'train_loss_batch': 6.699526309967041, 'train_lr': 0.1, 'batch_time': 0.5010629710134294, 'data_time': 0.0050297269022797405}
2025-10-30 23:07:43,131 - INFO - Step 2500: {'train_loss_batch': 6.683793067932129, 'train_lr': 0.1, 'batch_time': 0.5012238774000287, 'data_time': 0.005131503859790313}
2025-10-30 23:08:33,635 - INFO - Step 2600: {'train_loss_batch': 6.738587379455566, 'train_lr': 0.1, 'batch_time': 0.5013704793080144, 'data_time': 0.005220467839869844}
2025-10-30 23:09:23,491 - INFO - Step 2700: {'train_loss_batch': 6.681015491485596, 'train_lr': 0.1, 'batch_time': 0.5012663597974103, 'data_time': 0.005065009135839808}
2025-10-30 23:10:13,365 - INFO - Step 2800: {'train_loss_batch': 6.55936861038208, 'train_lr': 0.1, 'batch_time': 0.501176016197082, 'data_time': 0.004919807215496201}
2025-10-30 23:11:03,889 - INFO - Step 2900: {'train_loss_batch': 6.585831642150879, 'train_lr': 0.1, 'batch_time': 0.5013161358936866, 'data_time': 0.0050085539326343975}
2025-10-30 23:11:53,789 - INFO - Step 3000: {'train_loss_batch': 6.52459716796875, 'train_lr': 0.1, 'batch_time': 0.5012388026781854, 'data_time': 0.004874864048816411}
2025-10-30 23:12:43,703 - INFO - Step 3100: {'train_loss_batch': 6.515152454376221, 'train_lr': 0.1, 'batch_time': 0.501171028871607, 'data_time': 0.0047507216106957295}
2025-10-30 23:13:34,217 - INFO - Step 3200: {'train_loss_batch': 6.67149543762207, 'train_lr': 0.1, 'batch_time': 0.501294994235076, 'data_time': 0.004831252340896545}
2025-10-30 23:14:24,101 - INFO - Step 3300: {'train_loss_batch': 6.566228866577148, 'train_lr': 0.1, 'batch_time': 0.5012207695730742, 'data_time': 0.004714842458018315}
2025-10-30 23:15:14,603 - INFO - Step 3400: {'train_loss_batch': 6.683077335357666, 'train_lr': 0.1, 'batch_time': 0.5013322461461082, 'data_time': 0.0047855545443249116}
2025-10-30 23:16:04,967 - INFO - Step 3500: {'train_loss_batch': 6.688716888427734, 'train_lr': 0.1, 'batch_time': 0.501398219138818, 'data_time': 0.004817141154533589}
2025-10-30 23:16:55,282 - INFO - Step 3600: {'train_loss_batch': 6.324864387512207, 'train_lr': 0.1, 'batch_time': 0.5014468868783168, 'data_time': 0.00482955027937525}
2025-10-30 23:17:45,160 - INFO - Step 3700: {'train_loss_batch': 6.437855243682861, 'train_lr': 0.1, 'batch_time': 0.5013746270228966, 'data_time': 0.004723994933537811}
2025-10-30 23:18:35,049 - INFO - Step 3800: {'train_loss_batch': 6.512511730194092, 'train_lr': 0.1, 'batch_time': 0.5013092408459991, 'data_time': 0.004625066460135484}
2025-10-30 23:19:24,966 - INFO - Step 3900: {'train_loss_batch': 6.678333759307861, 'train_lr': 0.1, 'batch_time': 0.5012544615089634, 'data_time': 0.004531953799910986}
2025-10-30 23:20:15,195 - INFO - Step 4000: {'train_loss_batch': 6.3006415367126465, 'train_lr': 0.1, 'batch_time': 0.5012803060416727, 'data_time': 0.004521579868761905}
2025-10-30 23:21:05,097 - INFO - Step 4100: {'train_loss_batch': 6.311086654663086, 'train_lr': 0.1, 'batch_time': 0.5012251795922451, 'data_time': 0.004435355184834575}
2025-10-30 23:21:55,018 - INFO - Step 4200: {'train_loss_batch': 6.239974021911621, 'train_lr': 0.1, 'batch_time': 0.5011771167354679, 'data_time': 0.004354032327152099}
2025-10-30 23:22:45,493 - INFO - Step 4300: {'train_loss_batch': 6.1670355796813965, 'train_lr': 0.1, 'batch_time': 0.5012601314935815, 'data_time': 0.004399571521868126}
2025-10-30 23:23:36,189 - INFO - Step 4400: {'train_loss_batch': 6.300740718841553, 'train_lr': 0.1, 'batch_time': 0.5013895257444063, 'data_time': 0.004495129263474166}
2025-10-30 23:24:26,640 - INFO - Step 4500: {'train_loss_batch': 6.196526527404785, 'train_lr': 0.1, 'batch_time': 0.5014589532061011, 'data_time': 0.004526395369730799}
2025-10-30 23:25:16,561 - INFO - Step 4600: {'train_loss_batch': 6.653640270233154, 'train_lr': 0.1, 'batch_time': 0.50140996001073, 'data_time': 0.004449641437692192}
2025-10-30 23:26:06,480 - INFO - Step 4700: {'train_loss_batch': 6.190902233123779, 'train_lr': 0.1, 'batch_time': 0.5013628650081839, 'data_time': 0.0043759491564846625}
2025-10-30 23:26:56,865 - INFO - Step 4800: {'train_loss_batch': 6.739163398742676, 'train_lr': 0.1, 'batch_time': 0.5014146238882029, 'data_time': 0.004397692717107428}
2025-10-30 23:27:46,804 - INFO - Step 4900: {'train_loss_batch': 6.293219566345215, 'train_lr': 0.1, 'batch_time': 0.5013733032260032, 'data_time': 0.004328033384608385}
2025-10-30 23:28:37,505 - INFO - Step 5000: {'train_loss_batch': 6.023375034332275, 'train_lr': 0.1, 'batch_time': 0.5014858483743773, 'data_time': 0.0044082256108135065}
2025-10-30 23:29:27,765 - INFO - Step 5100: {'train_loss_batch': 6.477677345275879, 'train_lr': 0.1, 'batch_time': 0.501507626400581, 'data_time': 0.004401253616312068}
2025-10-30 23:30:17,709 - INFO - Step 5200: {'train_loss_batch': 6.150257110595703, 'train_lr': 0.1, 'batch_time': 0.5014678769514116, 'data_time': 0.004334788119831903}
2025-10-30 23:31:07,660 - INFO - Step 5300: {'train_loss_batch': 6.7743611335754395, 'train_lr': 0.1, 'batch_time': 0.501431019030479, 'data_time': 0.004271909080121095}
2025-10-30 23:31:58,358 - INFO - Step 5400: {'train_loss_batch': 5.86017370223999, 'train_lr': 0.1, 'batch_time': 0.5015336425409033, 'data_time': 0.004350049344285112}
2025-10-30 23:32:48,611 - INFO - Step 5500: {'train_loss_batch': 6.132880687713623, 'train_lr': 0.1, 'batch_time': 0.5015517302674177, 'data_time': 0.004345366877223162}
2025-10-30 23:33:38,586 - INFO - Step 5600: {'train_loss_batch': 5.96425724029541, 'train_lr': 0.1, 'batch_time': 0.5015195650067676, 'data_time': 0.004285482525123142}
2025-10-30 23:34:29,142 - INFO - Step 5700: {'train_loss_batch': 6.013287544250488, 'train_lr': 0.1, 'batch_time': 0.5015904585157982, 'data_time': 0.0043394875053856755}
2025-10-30 23:35:19,882 - INFO - Step 5800: {'train_loss_batch': 5.866499900817871, 'train_lr': 0.1, 'batch_time': 0.5016904896116527, 'data_time': 0.004421223568271058}
2025-10-30 23:36:09,806 - INFO - Step 5900: {'train_loss_batch': 6.456423282623291, 'train_lr': 0.1, 'batch_time': 0.5016489982039337, 'data_time': 0.004362895839841785}
2025-10-30 23:37:00,083 - INFO - Step 6000: {'train_loss_batch': 6.611647605895996, 'train_lr': 0.1, 'batch_time': 0.5016675995024338, 'data_time': 0.004358740413890165}
2025-10-30 23:37:50,034 - INFO - Step 6100: {'train_loss_batch': 6.4682793617248535, 'train_lr': 0.1, 'batch_time': 0.5016323490389799, 'data_time': 0.004303029474128057}
2025-10-30 23:38:40,555 - INFO - Step 6200: {'train_loss_batch': 6.470645904541016, 'train_lr': 0.1, 'batch_time': 0.5016899616021223, 'data_time': 0.004346110901127437}
2025-10-30 23:39:30,788 - INFO - Step 6300: {'train_loss_batch': 6.361037731170654, 'train_lr': 0.1, 'batch_time': 0.5017001001896546, 'data_time': 0.004341504513659263}
2025-10-30 23:40:20,756 - INFO - Step 6400: {'train_loss_batch': 5.880898952484131, 'train_lr': 0.1, 'batch_time': 0.5016684380197428, 'data_time': 0.004288932268106645}
2025-10-30 23:41:11,017 - INFO - Step 6500: {'train_loss_batch': 6.425441741943359, 'train_lr': 0.1, 'batch_time': 0.5016828954192313, 'data_time': 0.004285522028769443}
2025-10-30 23:42:00,958 - INFO - Step 6600: {'train_loss_batch': 5.814816474914551, 'train_lr': 0.1, 'batch_time': 0.5016484856154048, 'data_time': 0.004234704948197602}
2025-10-30 23:42:51,749 - INFO - Step 6700: {'train_loss_batch': 5.641551971435547, 'train_lr': 0.1, 'batch_time': 0.5017419922371406, 'data_time': 0.004305755215035572}
2025-10-30 23:43:41,731 - INFO - Step 6800: {'train_loss_batch': 6.118658065795898, 'train_lr': 0.1, 'batch_time': 0.501713581496066, 'data_time': 0.004256674058821916}
2025-10-30 23:44:32,153 - INFO - Step 6900: {'train_loss_batch': 6.00094747543335, 'train_lr': 0.1, 'batch_time': 0.5017498993317366, 'data_time': 0.004274172085711031}
2025-10-30 23:45:22,109 - INFO - Step 7000: {'train_loss_batch': 5.761598110198975, 'train_lr': 0.1, 'batch_time': 0.5017186470533027, 'data_time': 0.0042271508844967075}
2025-10-30 23:46:12,388 - INFO - Step 7100: {'train_loss_batch': 6.4002885818481445, 'train_lr': 0.1, 'batch_time': 0.5017337151403714, 'data_time': 0.0042247323985839125}
2025-10-30 23:47:02,681 - INFO - Step 7200: {'train_loss_batch': 6.36116886138916, 'train_lr': 0.1, 'batch_time': 0.5017503235277542, 'data_time': 0.004222218650295542}
2025-10-30 23:47:53,296 - INFO - Step 7300: {'train_loss_batch': 5.687534332275391, 'train_lr': 0.1, 'batch_time': 0.5018105610088688, 'data_time': 0.0042641401258237946}
2025-10-30 23:48:43,730 - INFO - Step 7400: {'train_loss_batch': 5.50959587097168, 'train_lr': 0.1, 'batch_time': 0.5018447206368593, 'data_time': 0.004282678885808459}
2025-10-30 23:49:34,324 - INFO - Step 7500: {'train_loss_batch': 5.7659406661987305, 'train_lr': 0.1, 'batch_time': 0.5018992814965573, 'data_time': 0.004325764256467058}
2025-10-30 23:50:24,270 - INFO - Step 7600: {'train_loss_batch': 5.625544548034668, 'train_lr': 0.1, 'batch_time': 0.5018671815480986, 'data_time': 0.004281785547411798}
2025-10-30 23:51:14,902 - INFO - Step 7700: {'train_loss_batch': 5.632012367248535, 'train_lr': 0.1, 'batch_time': 0.5019249200294612, 'data_time': 0.00432999826626195}
2025-10-30 23:52:04,860 - INFO - Step 7800: {'train_loss_batch': 5.616167068481445, 'train_lr': 0.1, 'batch_time': 0.5018949203652582, 'data_time': 0.004286658655388388}
2025-10-30 23:52:54,810 - INFO - Step 7900: {'train_loss_batch': 5.533238410949707, 'train_lr': 0.1, 'batch_time': 0.5018645344678547, 'data_time': 0.004244698133518117}
2025-10-30 23:53:45,062 - INFO - Step 8000: {'train_loss_batch': 5.548572063446045, 'train_lr': 0.1, 'batch_time': 0.5018728000792008, 'data_time': 0.004241868028520361}
2025-10-30 23:54:35,315 - INFO - Step 8100: {'train_loss_batch': 6.565783500671387, 'train_lr': 0.1, 'batch_time': 0.5018808664826461, 'data_time': 0.004239955488185414}
2025-10-30 23:55:25,318 - INFO - Step 8200: {'train_loss_batch': 6.291695594787598, 'train_lr': 0.1, 'batch_time': 0.5018582099269853, 'data_time': 0.004200328953192592}
2025-10-30 23:56:15,941 - INFO - Step 8300: {'train_loss_batch': 6.223789691925049, 'train_lr': 0.1, 'batch_time': 0.5019109509620533, 'data_time': 0.004242836316081935}
2025-10-30 23:57:06,374 - INFO - Step 8400: {'train_loss_batch': 5.349140644073486, 'train_lr': 0.1, 'batch_time': 0.5019396889878092, 'data_time': 0.004259927941708179}
2025-10-30 23:57:56,347 - INFO - Step 8500: {'train_loss_batch': 5.252942085266113, 'train_lr': 0.1, 'batch_time': 0.501913700282132, 'data_time': 0.0042213493901804575}
2025-10-30 23:58:46,889 - INFO - Step 8600: {'train_loss_batch': 6.290040969848633, 'train_lr': 0.1, 'batch_time': 0.5019544436618099, 'data_time': 0.004256194780738031}
2025-10-30 23:59:37,146 - INFO - Step 8700: {'train_loss_batch': 5.365871906280518, 'train_lr': 0.1, 'batch_time': 0.5019614869404793, 'data_time': 0.0042529577442235395}
2025-10-31 00:00:27,705 - INFO - Step 8800: {'train_loss_batch': 5.582390785217285, 'train_lr': 0.1, 'batch_time': 0.5020026618032994, 'data_time': 0.004286377257399228}
2025-10-31 00:01:17,989 - INFO - Step 8900: {'train_loss_batch': 6.2357025146484375, 'train_lr': 0.1, 'batch_time': 0.5020100133176092, 'data_time': 0.004284302956092868}
2025-10-31 00:02:08,250 - INFO - Step 9000: {'train_loss_batch': 5.6154398918151855, 'train_lr': 0.1, 'batch_time': 0.5020186751170392, 'data_time': 0.0042844588671005004}
2025-10-31 00:02:58,207 - INFO - Step 9100: {'train_loss_batch': 5.398769378662109, 'train_lr': 0.1, 'batch_time': 0.5019917867954138, 'data_time': 0.00424913468825635}
2025-10-31 00:03:48,949 - INFO - Step 9200: {'train_loss_batch': 6.165949821472168, 'train_lr': 0.1, 'batch_time': 0.5020507555554165, 'data_time': 0.00429662239705722}
2025-10-31 00:04:38,928 - INFO - Step 9300: {'train_loss_batch': 6.277523040771484, 'train_lr': 0.1, 'batch_time': 0.5020264192443166, 'data_time': 0.0042615197522834275}
2025-10-31 00:05:29,481 - INFO - Step 9400: {'train_loss_batch': 5.254553318023682, 'train_lr': 0.1, 'batch_time': 0.5020636893652713, 'data_time': 0.004290361960331641}
2025-10-31 00:06:20,106 - INFO - Step 9500: {'train_loss_batch': 5.368976593017578, 'train_lr': 0.1, 'batch_time': 0.502107766261541, 'data_time': 0.004325775883847971}
2025-10-31 00:07:10,498 - INFO - Step 9600: {'train_loss_batch': 5.201813697814941, 'train_lr': 0.1, 'batch_time': 0.5021266464938249, 'data_time': 0.004337733269433108}
2025-10-31 00:08:00,466 - INFO - Step 9700: {'train_loss_batch': 6.254139423370361, 'train_lr': 0.1, 'batch_time': 0.5021013337156844, 'data_time': 0.004303460391006965}
2025-10-31 00:08:50,728 - INFO - Step 9800: {'train_loss_batch': 6.266291618347168, 'train_lr': 0.1, 'batch_time': 0.5021066126099971, 'data_time': 0.004301734632794291}
2025-10-31 00:09:40,662 - INFO - Step 9900: {'train_loss_batch': 6.293220520019531, 'train_lr': 0.1, 'batch_time': 0.5020786880327107, 'data_time': 0.004268511294499875}
2025-10-31 00:10:31,247 - INFO - Step 10000: {'train_loss_batch': 6.172948360443115, 'train_lr': 0.1, 'batch_time': 0.5021163950013156, 'data_time': 0.0043006349999765645}
2025-10-31 00:13:04,632 - INFO - Step 0: {'epoch': 0, 'learning_rate': 0.020000800000000003, 'train_loss': 6.2768051058563135, 'train_top1': 3.7520302348825587, 'train_top5': 11.100309220389805, 'val_loss': 8.85471219329834, 'val_top1': 0.034, 'val_top5': 0.092}
2025-10-31 00:13:04,634 - INFO - Epoch 000 Summary - LR: 0.020001, Train Loss: 6.2768, Train Top1: 3.75%, Val Loss: 8.8547, Val Top1: 0.03%, Val Top5: 0.09%
2025-10-31 00:13:05,167 - INFO - New best model saved with validation accuracy: 0.034%
2025-10-31 00:13:05,168 - INFO - Checkpoint saved: /home/ubuntu/imagenet-1k/checkpoints/resnet50_20251030_224647/checkpoint_epoch_001.pth
2025-10-31 00:13:07,220 - INFO - Step 10009: {'train_loss_batch': 6.190250873565674, 'train_lr': 0.020000800000000003, 'batch_time': 2.050769329071045, 'data_time': 1.4937798976898193}
2025-10-31 00:13:56,977 - INFO - Step 10109: {'train_loss_batch': 5.944512367248535, 'train_lr': 0.020000800000000003, 'batch_time': 0.5129516526023941, 'data_time': 0.015930610127968363}
2025-10-31 00:14:46,861 - INFO - Step 10209: {'train_loss_batch': 5.0887227058410645, 'train_lr': 0.020000800000000003, 'batch_time': 0.5059307712820632, 'data_time': 0.00851310663555392}
2025-10-31 00:15:36,793 - INFO - Step 10309: {'train_loss_batch': 5.176415920257568, 'train_lr': 0.020000800000000003, 'batch_time': 0.5037331295963934, 'data_time': 0.006021201016498959}
2025-10-31 00:16:26,745 - INFO - Step 10409: {'train_loss_batch': 5.29991340637207, 'train_lr': 0.020000800000000003, 'batch_time': 0.5026812987434597, 'data_time': 0.0047669511780774505}
2025-10-31 00:17:16,703 - INFO - Step 10509: {'train_loss_batch': 5.472222328186035, 'train_lr': 0.020000800000000003, 'batch_time': 0.502062409699796, 'data_time': 0.004015719343326287}
2025-10-31 00:18:06,676 - INFO - Step 10609: {'train_loss_batch': 6.1782989501953125, 'train_lr': 0.020000800000000003, 'batch_time': 0.5016749516104699, 'data_time': 0.003520518095045042}
2025-10-31 00:18:56,661 - INFO - Step 10709: {'train_loss_batch': 4.888262748718262, 'train_lr': 0.020000800000000003, 'batch_time': 0.5014127664661271, 'data_time': 0.0031619694365584393}
2025-10-31 00:19:46,614 - INFO - Step 10809: {'train_loss_batch': 4.737466812133789, 'train_lr': 0.020000800000000003, 'batch_time': 0.5011782931924312, 'data_time': 0.0028900427467069972}
2025-10-31 00:20:36,585 - INFO - Step 10909: {'train_loss_batch': 5.040740489959717, 'train_lr': 0.020000800000000003, 'batch_time': 0.501015379743756, 'data_time': 0.002684062381960311}
2025-10-31 00:21:26,562 - INFO - Step 11009: {'train_loss_batch': 4.927275657653809, 'train_lr': 0.020000800000000003, 'batch_time': 0.5008908358963576, 'data_time': 0.002518362575001293}
2025-10-31 00:22:16,536 - INFO - Step 11109: {'train_loss_batch': 6.055802345275879, 'train_lr': 0.020000800000000003, 'batch_time': 0.5007860892258591, 'data_time': 0.002384086395804174}
2025-10-31 00:23:06,492 - INFO - Step 11209: {'train_loss_batch': 5.8787994384765625, 'train_lr': 0.020000800000000003, 'batch_time': 0.5006838603182499, 'data_time': 0.0022650382401643446}
2025-10-31 00:23:56,453 - INFO - Step 11309: {'train_loss_batch': 4.901471138000488, 'train_lr': 0.020000800000000003, 'batch_time': 0.5006014739981438, 'data_time': 0.0021687897235773603}
2025-10-31 00:24:46,461 - INFO - Step 11409: {'train_loss_batch': 6.2727532386779785, 'train_lr': 0.020000800000000003, 'batch_time': 0.5005639526862744, 'data_time': 0.0020851260164139697}
2025-10-31 00:25:36,444 - INFO - Step 11509: {'train_loss_batch': 4.7280731201171875, 'train_lr': 0.020000800000000003, 'batch_time': 0.5005148486404877, 'data_time': 0.002011345832209679}
2025-10-31 00:26:26,411 - INFO - Step 11609: {'train_loss_batch': 6.324467182159424, 'train_lr': 0.020000800000000003, 'batch_time': 0.5004619640681537, 'data_time': 0.0019521844305149247}
2025-10-31 00:27:16,412 - INFO - Step 11709: {'train_loss_batch': 5.876463413238525, 'train_lr': 0.020000800000000003, 'batch_time': 0.5004351708133525, 'data_time': 0.0018974951195198252}
2025-10-31 00:28:06,375 - INFO - Step 11809: {'train_loss_batch': 5.554443836212158, 'train_lr': 0.020000800000000003, 'batch_time': 0.5003903306635932, 'data_time': 0.0018458701318532212}
2025-10-31 00:28:56,372 - INFO - Step 11909: {'train_loss_batch': 6.173773288726807, 'train_lr': 0.020000800000000003, 'batch_time': 0.5003684102579645, 'data_time': 0.0018033470874206446}
2025-10-31 00:29:46,341 - INFO - Step 12009: {'train_loss_batch': 6.08071756362915, 'train_lr': 0.020000800000000003, 'batch_time': 0.5003342495031323, 'data_time': 0.0017635717444393648}
2025-10-31 00:30:36,302 - INFO - Step 12109: {'train_loss_batch': 4.9103264808654785, 'train_lr': 0.020000800000000003, 'batch_time': 0.5002997344814557, 'data_time': 0.001727065831238403}
2025-10-31 00:31:26,263 - INFO - Step 12209: {'train_loss_batch': 4.55732536315918, 'train_lr': 0.020000800000000003, 'batch_time': 0.5002685193309238, 'data_time': 0.0016923114312122974}
2025-10-31 00:32:16,251 - INFO - Step 12309: {'train_loss_batch': 5.389469623565674, 'train_lr': 0.020000800000000003, 'batch_time': 0.5002513718263112, 'data_time': 0.0016635967720492618}
2025-10-31 00:33:06,221 - INFO - Step 12409: {'train_loss_batch': 5.020079612731934, 'train_lr': 0.020000800000000003, 'batch_time': 0.5002286179966353, 'data_time': 0.0016342841898684996}
2025-10-31 00:33:56,192 - INFO - Step 12509: {'train_loss_batch': 4.993296146392822, 'train_lr': 0.020000800000000003, 'batch_time': 0.500207614441101, 'data_time': 0.001610124268468882}
2025-10-31 00:34:46,178 - INFO - Step 12609: {'train_loss_batch': 4.821898937225342, 'train_lr': 0.020000800000000003, 'batch_time': 0.5001941438548063, 'data_time': 0.0015870858412071265}
2025-10-31 00:35:36,150 - INFO - Step 12709: {'train_loss_batch': 4.758194446563721, 'train_lr': 0.020000800000000003, 'batch_time': 0.5001764714122039, 'data_time': 0.00156476673308411}
2025-10-31 00:36:26,113 - INFO - Step 12809: {'train_loss_batch': 4.882438659667969, 'train_lr': 0.020000800000000003, 'batch_time': 0.5001571575091251, 'data_time': 0.001543183021994839}
2025-10-31 00:37:16,071 - INFO - Step 12909: {'train_loss_batch': 4.714035511016846, 'train_lr': 0.020000800000000003, 'batch_time': 0.5001371224885642, 'data_time': 0.0015253819337757405}
2025-10-31 00:38:06,078 - INFO - Step 13009: {'train_loss_batch': 5.868227958679199, 'train_lr': 0.020000800000000003, 'batch_time': 0.5001348758768693, 'data_time': 0.001507217826067865}
2025-10-31 00:38:56,069 - INFO - Step 13109: {'train_loss_batch': 6.038296699523926, 'train_lr': 0.020000800000000003, 'batch_time': 0.5001275582453467, 'data_time': 0.0014903144811822767}
2025-10-31 00:39:46,081 - INFO - Step 13209: {'train_loss_batch': 6.0506134033203125, 'train_lr': 0.020000800000000003, 'batch_time': 0.5001272449862841, 'data_time': 0.0014744371743695285}
2025-10-31 00:40:36,070 - INFO - Step 13309: {'train_loss_batch': 4.758933067321777, 'train_lr': 0.020000800000000003, 'batch_time': 0.5001200160558423, 'data_time': 0.0014606425705117841}
2025-10-31 00:41:26,058 - INFO - Step 13409: {'train_loss_batch': 5.823519706726074, 'train_lr': 0.020000800000000003, 'batch_time': 0.5001130914449762, 'data_time': 0.0014471991627891426}
2025-10-31 00:42:16,071 - INFO - Step 13509: {'train_loss_batch': 4.73281717300415, 'train_lr': 0.020000800000000003, 'batch_time': 0.500113447268872, 'data_time': 0.0014346315328886221}
2025-10-31 00:43:06,073 - INFO - Step 13609: {'train_loss_batch': 5.402322292327881, 'train_lr': 0.020000800000000003, 'batch_time': 0.500110619798431, 'data_time': 0.0014224807211704567}
2025-10-31 00:43:56,072 - INFO - Step 13709: {'train_loss_batch': 5.429834365844727, 'train_lr': 0.020000800000000003, 'batch_time': 0.5001073391235896, 'data_time': 0.001412416464314207}
2025-10-31 00:44:46,055 - INFO - Step 13809: {'train_loss_batch': 5.565915584564209, 'train_lr': 0.020000800000000003, 'batch_time': 0.5001001102740562, 'data_time': 0.0014019631549139708}
2025-10-31 00:45:36,037 - INFO - Step 13909: {'train_loss_batch': 5.824715614318848, 'train_lr': 0.020000800000000003, 'batch_time': 0.5000928378477979, 'data_time': 0.00139204155815103}
2025-10-31 00:46:26,023 - INFO - Step 14009: {'train_loss_batch': 5.544178009033203, 'train_lr': 0.020000800000000003, 'batch_time': 0.500087085529376, 'data_time': 0.0013825070467688863}
2025-10-31 00:47:15,975 - INFO - Step 14109: {'train_loss_batch': 5.810308933258057, 'train_lr': 0.020000800000000003, 'batch_time': 0.5000732598494274, 'data_time': 0.001372912487615117}
2025-10-31 00:48:05,965 - INFO - Step 14209: {'train_loss_batch': 4.9228835105896, 'train_lr': 0.020000800000000003, 'batch_time': 0.5000689479743433, 'data_time': 0.001365461907935012}
2025-10-31 00:48:55,919 - INFO - Step 14309: {'train_loss_batch': 5.753781318664551, 'train_lr': 0.020000800000000003, 'batch_time': 0.50005657770999, 'data_time': 0.0013555023066528008}
2025-10-31 00:49:45,880 - INFO - Step 14409: {'train_loss_batch': 5.848557949066162, 'train_lr': 0.020000800000000003, 'batch_time': 0.5000464874515477, 'data_time': 0.0013464469038554415}
2025-10-31 00:50:35,856 - INFO - Step 14509: {'train_loss_batch': 4.77793550491333, 'train_lr': 0.020000800000000003, 'batch_time': 0.5000399466859741, 'data_time': 0.0013391513396464197}
2025-10-31 00:51:25,850 - INFO - Step 14609: {'train_loss_batch': 6.016139030456543, 'train_lr': 0.020000800000000003, 'batch_time': 0.5000378504133152, 'data_time': 0.0013316423316230932}
2025-10-31 00:52:15,818 - INFO - Step 14709: {'train_loss_batch': 4.744373798370361, 'train_lr': 0.020000800000000003, 'batch_time': 0.5000302854991167, 'data_time': 0.001324575521975876}
2025-10-31 00:53:05,811 - INFO - Step 14809: {'train_loss_batch': 5.487270355224609, 'train_lr': 0.020000800000000003, 'batch_time': 0.5000280351644754, 'data_time': 0.0013183341178266339}
2025-10-31 00:53:55,785 - INFO - Step 14909: {'train_loss_batch': 4.55371618270874, 'train_lr': 0.020000800000000003, 'batch_time': 0.5000222089752279, 'data_time': 0.001311331421860479}
2025-10-31 00:54:45,772 - INFO - Step 15009: {'train_loss_batch': 5.310421943664551, 'train_lr': 0.020000800000000003, 'batch_time': 0.5000191617312372, 'data_time': 0.0013050328395624586}
2025-10-31 00:55:35,752 - INFO - Step 15109: {'train_loss_batch': 5.766677379608154, 'train_lr': 0.020000800000000003, 'batch_time': 0.5000147442798057, 'data_time': 0.001298816828979181}
2025-10-31 00:56:25,712 - INFO - Step 15209: {'train_loss_batch': 6.063589096069336, 'train_lr': 0.020000800000000003, 'batch_time': 0.5000068927769293, 'data_time': 0.0012933338772583595}
2025-10-31 00:57:15,677 - INFO - Step 15309: {'train_loss_batch': 4.56491231918335, 'train_lr': 0.020000800000000003, 'batch_time': 0.4999999482774258, 'data_time': 0.001288065031505355}
2025-10-31 00:58:05,648 - INFO - Step 15409: {'train_loss_batch': 4.435086727142334, 'train_lr': 0.020000800000000003, 'batch_time': 0.4999946737439516, 'data_time': 0.0012828596563962539}
2025-10-31 00:58:55,611 - INFO - Step 15509: {'train_loss_batch': 5.552275657653809, 'train_lr': 0.020000800000000003, 'batch_time': 0.49998803226281635, 'data_time': 0.0012778697111805533}
2025-10-31 00:59:45,576 - INFO - Step 15609: {'train_loss_batch': 5.06830358505249, 'train_lr': 0.020000800000000003, 'batch_time': 0.4999818504335539, 'data_time': 0.0012731031102168732}
2025-10-31 01:00:35,533 - INFO - Step 15709: {'train_loss_batch': 4.9193644523620605, 'train_lr': 0.020000800000000003, 'batch_time': 0.4999746751040874, 'data_time': 0.001268527232184993}
2025-10-31 01:01:25,467 - INFO - Step 15809: {'train_loss_batch': 4.7328691482543945, 'train_lr': 0.020000800000000003, 'batch_time': 0.49996359848478833, 'data_time': 0.0012641874927217603}
2025-10-31 01:02:15,434 - INFO - Step 15909: {'train_loss_batch': 4.791258335113525, 'train_lr': 0.020000800000000003, 'batch_time': 0.49995867185038323, 'data_time': 0.0012602270750489565}
2025-10-31 01:03:05,395 - INFO - Step 16009: {'train_loss_batch': 4.668899059295654, 'train_lr': 0.020000800000000003, 'batch_time': 0.4999528371022356, 'data_time': 0.0012559681370981016}
2025-10-31 01:03:55,341 - INFO - Step 16109: {'train_loss_batch': 4.724298000335693, 'train_lr': 0.020000800000000003, 'batch_time': 0.4999447831793352, 'data_time': 0.001252217207594282}
2025-10-31 01:04:45,307 - INFO - Step 16209: {'train_loss_batch': 4.239565849304199, 'train_lr': 0.020000800000000003, 'batch_time': 0.49994016874030683, 'data_time': 0.0012478095219031857}
2025-10-31 01:05:35,277 - INFO - Step 16309: {'train_loss_batch': 4.64296293258667, 'train_lr': 0.020000800000000003, 'batch_time': 0.4999363899155281, 'data_time': 0.0012441824549929413}
2025-10-31 01:06:25,201 - INFO - Step 16409: {'train_loss_batch': 4.419654369354248, 'train_lr': 0.020000800000000003, 'batch_time': 0.49992544791453, 'data_time': 0.0012398350147544695}
2025-10-31 01:07:15,160 - INFO - Step 16509: {'train_loss_batch': 4.856626987457275, 'train_lr': 0.020000800000000003, 'batch_time': 0.4999201548611122, 'data_time': 0.001235273027031298}
2025-10-31 01:08:05,143 - INFO - Step 16609: {'train_loss_batch': 5.252198696136475, 'train_lr': 0.020000800000000003, 'batch_time': 0.49991882647407576, 'data_time': 0.0012313140339787088}
2025-10-31 01:08:55,117 - INFO - Step 16709: {'train_loss_batch': 4.332395076751709, 'train_lr': 0.020000800000000003, 'batch_time': 0.4999162348468452, 'data_time': 0.0012273326985356773}
2025-10-31 01:09:45,091 - INFO - Step 16809: {'train_loss_batch': 5.349447250366211, 'train_lr': 0.020000800000000003, 'batch_time': 0.49991348855128415, 'data_time': 0.001223834222457879}
2025-10-31 01:10:35,050 - INFO - Step 16909: {'train_loss_batch': 6.0494585037231445, 'train_lr': 0.020000800000000003, 'batch_time': 0.4999088451942142, 'data_time': 0.0012201549108262304}
2025-10-31 01:11:25,018 - INFO - Step 17009: {'train_loss_batch': 5.605362892150879, 'train_lr': 0.020000800000000003, 'batch_time': 0.4999055528007325, 'data_time': 0.0012165401479445634}
2025-10-31 01:12:14,978 - INFO - Step 17109: {'train_loss_batch': 4.610926151275635, 'train_lr': 0.020000800000000003, 'batch_time': 0.49990126210658453, 'data_time': 0.0012133764458481585}
2025-10-31 01:13:04,955 - INFO - Step 17209: {'train_loss_batch': 4.565990924835205, 'train_lr': 0.020000800000000003, 'batch_time': 0.49989939778898346, 'data_time': 0.0012111927035649175}
2025-10-31 01:13:54,938 - INFO - Step 17309: {'train_loss_batch': 5.328197479248047, 'train_lr': 0.020000800000000003, 'batch_time': 0.49989840093172994, 'data_time': 0.0012097580761733797}
2025-10-31 01:14:44,883 - INFO - Step 17409: {'train_loss_batch': 4.2746901512146, 'train_lr': 0.020000800000000003, 'batch_time': 0.49989237883271054, 'data_time': 0.0012065818898984828}
2025-10-31 01:15:34,831 - INFO - Step 17509: {'train_loss_batch': 5.51193904876709, 'train_lr': 0.020000800000000003, 'batch_time': 0.49988683810664436, 'data_time': 0.001204067668093473}
2025-10-31 01:16:24,781 - INFO - Step 17609: {'train_loss_batch': 4.147466659545898, 'train_lr': 0.020000800000000003, 'batch_time': 0.49988172521968843, 'data_time': 0.0012008904501131187}
2025-10-31 01:17:14,760 - INFO - Step 17709: {'train_loss_batch': 4.751264572143555, 'train_lr': 0.020000800000000003, 'batch_time': 0.4998804633454245, 'data_time': 0.0011981209134640685}
2025-10-31 01:18:04,710 - INFO - Step 17809: {'train_loss_batch': 5.724606990814209, 'train_lr': 0.020000800000000003, 'batch_time': 0.4998756631981515, 'data_time': 0.0011957887655159646}
2025-10-31 01:18:54,660 - INFO - Step 17909: {'train_loss_batch': 5.039242744445801, 'train_lr': 0.020000800000000003, 'batch_time': 0.49987086488119997, 'data_time': 0.0011937887725038266}
2025-10-31 01:19:44,599 - INFO - Step 18009: {'train_loss_batch': 4.3118438720703125, 'train_lr': 0.020000800000000003, 'batch_time': 0.4998648094543888, 'data_time': 0.001191164877783908}
2025-10-31 01:20:34,567 - INFO - Step 18109: {'train_loss_batch': 5.9975175857543945, 'train_lr': 0.020000800000000003, 'batch_time': 0.49986250835235524, 'data_time': 0.0011887113012924355}
2025-10-31 01:21:24,545 - INFO - Step 18209: {'train_loss_batch': 5.806500434875488, 'train_lr': 0.020000800000000003, 'batch_time': 0.49986149302169675, 'data_time': 0.0011866149662791367}
2025-10-31 01:22:14,515 - INFO - Step 18309: {'train_loss_batch': 5.236234664916992, 'train_lr': 0.020000800000000003, 'batch_time': 0.49985956137560317, 'data_time': 0.0011845474831383856}
2025-10-31 01:23:04,495 - INFO - Step 18409: {'train_loss_batch': 4.26920747756958, 'train_lr': 0.020000800000000003, 'batch_time': 0.4998588434870279, 'data_time': 0.0011824707008092094}
2025-10-31 01:23:54,456 - INFO - Step 18509: {'train_loss_batch': 4.1551313400268555, 'train_lr': 0.020000800000000003, 'batch_time': 0.49985586476457805, 'data_time': 0.0011808071791627886}
2025-10-31 01:24:44,417 - INFO - Step 18609: {'train_loss_batch': 4.612731456756592, 'train_lr': 0.020000800000000003, 'batch_time': 0.499853009277271, 'data_time': 0.001178691171238747}
2025-10-31 01:25:34,411 - INFO - Step 18709: {'train_loss_batch': 4.254387378692627, 'train_lr': 0.020000800000000003, 'batch_time': 0.4998539726071872, 'data_time': 0.0011766607385163416}
2025-10-31 01:26:24,393 - INFO - Step 18809: {'train_loss_batch': 4.453358173370361, 'train_lr': 0.020000800000000003, 'batch_time': 0.4998535141458892, 'data_time': 0.0011748135218551492}
2025-10-31 01:27:14,354 - INFO - Step 18909: {'train_loss_batch': 5.5422163009643555, 'train_lr': 0.020000800000000003, 'batch_time': 0.49985082014774074, 'data_time': 0.0011727978119541052}
2025-10-31 01:28:04,335 - INFO - Step 19009: {'train_loss_batch': 5.7134809494018555, 'train_lr': 0.020000800000000003, 'batch_time': 0.49985031614885267, 'data_time': 0.001170902831754927}
2025-10-31 01:28:54,299 - INFO - Step 19109: {'train_loss_batch': 5.692411422729492, 'train_lr': 0.020000800000000003, 'batch_time': 0.49984803127464444, 'data_time': 0.001168727010256012}
2025-10-31 01:29:44,247 - INFO - Step 19209: {'train_loss_batch': 4.162999629974365, 'train_lr': 0.020000800000000003, 'batch_time': 0.4998439418117762, 'data_time': 0.0011670040366520325}
2025-10-31 01:30:34,224 - INFO - Step 19309: {'train_loss_batch': 4.9442033767700195, 'train_lr': 0.020000800000000003, 'batch_time': 0.49984309950409084, 'data_time': 0.0011650361677431674}
2025-10-31 01:31:24,208 - INFO - Step 19409: {'train_loss_batch': 4.632656097412109, 'train_lr': 0.020000800000000003, 'batch_time': 0.49984314520046336, 'data_time': 0.0011637758896739137}
2025-10-31 01:32:14,150 - INFO - Step 19509: {'train_loss_batch': 4.484391689300537, 'train_lr': 0.020000800000000003, 'batch_time': 0.49983865807475747, 'data_time': 0.0011615730589182173}
2025-10-31 01:33:04,113 - INFO - Step 19609: {'train_loss_batch': 4.144321441650391, 'train_lr': 0.020000800000000003, 'batch_time': 0.49983643395318894, 'data_time': 0.001160210190359695}
2025-10-31 01:33:54,062 - INFO - Step 19709: {'train_loss_batch': 5.072486877441406, 'train_lr': 0.020000800000000003, 'batch_time': 0.49983290721062423, 'data_time': 0.0011584477355315284}
2025-10-31 01:34:44,022 - INFO - Step 19809: {'train_loss_batch': 5.338810920715332, 'train_lr': 0.020000800000000003, 'batch_time': 0.4998304518421455, 'data_time': 0.001157175581159184}
2025-10-31 01:35:33,997 - INFO - Step 19909: {'train_loss_batch': 5.362062931060791, 'train_lr': 0.020000800000000003, 'batch_time': 0.49982963760818283, 'data_time': 0.0011555785880451456}
2025-10-31 01:36:23,957 - INFO - Step 20009: {'train_loss_batch': 4.291754245758057, 'train_lr': 0.020000800000000003, 'batch_time': 0.49982736206283546, 'data_time': 0.0011540792093504882}
2025-10-31 01:38:55,749 - INFO - Step 1: {'epoch': 1, 'learning_rate': 0.040000600000000004, 'train_loss': 5.090230275824992, 'train_top1': 20.371922233057045, 'train_top5': 42.04122988785958, 'val_loss': 9.839942119750976, 'val_top1': 0.184, 'val_top5': 0.612}
2025-10-31 01:38:55,750 - INFO - Epoch 001 Summary - LR: 0.040001, Train Loss: 5.0902, Train Top1: 20.37%, Val Loss: 9.8399, Val Top1: 0.18%, Val Top5: 0.61%
2025-10-31 01:38:56,806 - INFO - New best model saved with validation accuracy: 0.184%
2025-10-31 01:38:56,806 - INFO - Checkpoint saved: /home/ubuntu/imagenet-1k/checkpoints/resnet50_20251030_224647/checkpoint_epoch_002.pth
2025-10-31 01:38:58,846 - INFO - Step 20018: {'train_loss_batch': 4.4078521728515625, 'train_lr': 0.040000600000000004, 'batch_time': 2.037501096725464, 'data_time': 1.4985706806182861}
2025-10-31 01:39:48,611 - INFO - Step 20118: {'train_loss_batch': 4.647032737731934, 'train_lr': 0.040000600000000004, 'batch_time': 0.5129073138284211, 'data_time': 0.01592823302391732}
2025-10-31 01:40:38,507 - INFO - Step 20218: {'train_loss_batch': 5.854303359985352, 'train_lr': 0.040000600000000004, 'batch_time': 0.5059643740677715, 'data_time': 0.008512725877524609}
2025-10-31 01:41:28,441 - INFO - Step 20318: {'train_loss_batch': 4.413486480712891, 'train_lr': 0.040000600000000004, 'batch_time': 0.5037637588589691, 'data_time': 0.006014177569519246}
2025-10-31 01:42:18,359 - INFO - Step 20418: {'train_loss_batch': 4.156189918518066, 'train_lr': 0.040000600000000004, 'batch_time': 0.5026221192091184, 'data_time': 0.004757924567434259}
2025-10-31 01:43:08,307 - INFO - Step 20518: {'train_loss_batch': 4.267128944396973, 'train_lr': 0.040000600000000004, 'batch_time': 0.5019939264613473, 'data_time': 0.00400735851295456}
2025-10-31 01:43:58,275 - INFO - Step 20618: {'train_loss_batch': 4.626157283782959, 'train_lr': 0.040000600000000004, 'batch_time': 0.501608524862026, 'data_time': 0.0035068611932078534}
2025-10-31 01:44:48,241 - INFO - Step 20718: {'train_loss_batch': 5.1201982498168945, 'train_lr': 0.040000600000000004, 'batch_time': 0.5013296328665696, 'data_time': 0.003148049328704703}
2025-10-31 01:45:38,190 - INFO - Step 20818: {'train_loss_batch': 4.525425434112549, 'train_lr': 0.040000600000000004, 'batch_time': 0.501100680057178, 'data_time': 0.002881940682133783}
2025-10-31 01:46:28,146 - INFO - Step 20918: {'train_loss_batch': 4.677320957183838, 'train_lr': 0.040000600000000004, 'batch_time': 0.5009292754428368, 'data_time': 0.0026741152201323346}
2025-10-31 01:47:18,113 - INFO - Step 21018: {'train_loss_batch': 4.642940521240234, 'train_lr': 0.040000600000000004, 'batch_time': 0.5008035246785227, 'data_time': 0.002507857390336104}
2025-10-31 01:48:08,081 - INFO - Step 21118: {'train_loss_batch': 5.397451400756836, 'train_lr': 0.040000600000000004, 'batch_time': 0.5007006099936531, 'data_time': 0.0023752670738504326}
2025-10-31 01:48:58,019 - INFO - Step 21218: {'train_loss_batch': 4.305113792419434, 'train_lr': 0.040000600000000004, 'batch_time': 0.5005908552355611, 'data_time': 0.0022599202806407666}
2025-10-31 01:49:47,952 - INFO - Step 21318: {'train_loss_batch': 4.4091668128967285, 'train_lr': 0.040000600000000004, 'batch_time': 0.5004939433705523, 'data_time': 0.002160577202283081}
2025-10-31 01:50:37,893 - INFO - Step 21418: {'train_loss_batch': 5.532161235809326, 'train_lr': 0.040000600000000004, 'batch_time': 0.5004166675243609, 'data_time': 0.0020788204321088664}
2025-10-31 01:51:27,852 - INFO - Step 21518: {'train_loss_batch': 5.814888000488281, 'train_lr': 0.040000600000000004, 'batch_time': 0.5003609949552877, 'data_time': 0.0020063866939964013}
2025-10-31 01:52:17,827 - INFO - Step 21618: {'train_loss_batch': 4.183234691619873, 'train_lr': 0.040000600000000004, 'batch_time': 0.5003227801862022, 'data_time': 0.0019451965770447424}
2025-10-31 01:53:07,774 - INFO - Step 21718: {'train_loss_batch': 4.314111232757568, 'train_lr': 0.040000600000000004, 'batch_time': 0.5002725284145833, 'data_time': 0.0018904952004963618}
2025-10-31 01:53:57,731 - INFO - Step 21818: {'train_loss_batch': 5.295217990875244, 'train_lr': 0.040000600000000004, 'batch_time': 0.5002337212962352, 'data_time': 0.001839223138363344}
2025-10-31 01:54:47,679 - INFO - Step 21918: {'train_loss_batch': 4.584327697753906, 'train_lr': 0.040000600000000004, 'batch_time': 0.5001939683760673, 'data_time': 0.0017944152326348078}
2025-10-31 01:55:37,649 - INFO - Step 22018: {'train_loss_batch': 5.8314104080200195, 'train_lr': 0.040000600000000004, 'batch_time': 0.5001691481520211, 'data_time': 0.0017548290149740193}
2025-10-31 01:56:27,597 - INFO - Step 22118: {'train_loss_batch': 4.337348937988281, 'train_lr': 0.040000600000000004, 'batch_time': 0.500136160271784, 'data_time': 0.0017173690832211596}
2025-10-31 01:57:17,529 - INFO - Step 22218: {'train_loss_batch': 5.389416694641113, 'train_lr': 0.040000600000000004, 'batch_time': 0.500099118543397, 'data_time': 0.0016844961546811663}
2025-10-31 01:58:07,473 - INFO - Step 22318: {'train_loss_batch': 5.520264148712158, 'train_lr': 0.040000600000000004, 'batch_time': 0.5000705495185305, 'data_time': 0.0016545685722951214}
2025-10-31 01:58:57,413 - INFO - Step 22418: {'train_loss_batch': 4.398899555206299, 'train_lr': 0.040000600000000004, 'batch_time': 0.5000423342423953, 'data_time': 0.0016265444733708264}
2025-10-31 01:59:47,337 - INFO - Step 22518: {'train_loss_batch': 4.14769172668457, 'train_lr': 0.040000600000000004, 'batch_time': 0.5000101718269602, 'data_time': 0.0016007433887101896}
2025-10-31 02:00:37,255 - INFO - Step 22618: {'train_loss_batch': 4.492448806762695, 'train_lr': 0.040000600000000004, 'batch_time': 0.4999781583465553, 'data_time': 0.0015764678271629863}
2025-10-31 02:01:27,179 - INFO - Step 22718: {'train_loss_batch': 4.725389003753662, 'train_lr': 0.040000600000000004, 'batch_time': 0.4999507208834397, 'data_time': 0.0015551125901754324}
2025-10-31 02:02:17,123 - INFO - Step 22818: {'train_loss_batch': 4.342376708984375, 'train_lr': 0.040000600000000004, 'batch_time': 0.49993276136426235, 'data_time': 0.0015356099763030625}
2025-10-31 02:03:07,065 - INFO - Step 22918: {'train_loss_batch': 4.3480634689331055, 'train_lr': 0.040000600000000004, 'batch_time': 0.4999149981468803, 'data_time': 0.0015197677145494094}
2025-10-31 02:03:56,981 - INFO - Step 23018: {'train_loss_batch': 5.009688377380371, 'train_lr': 0.040000600000000004, 'batch_time': 0.4998896933126275, 'data_time': 0.00150208106163302}
2025-10-31 02:04:46,914 - INFO - Step 23118: {'train_loss_batch': 4.400698184967041, 'train_lr': 0.040000600000000004, 'batch_time': 0.49987134930396304, 'data_time': 0.0014863618532714056}
2025-10-31 02:05:36,847 - INFO - Step 23218: {'train_loss_batch': 5.694955348968506, 'train_lr': 0.040000600000000004, 'batch_time': 0.4998544606146534, 'data_time': 0.0014715247584744864}
2025-10-31 02:06:26,788 - INFO - Step 23318: {'train_loss_batch': 4.364138126373291, 'train_lr': 0.040000600000000004, 'batch_time': 0.4998411033703175, 'data_time': 0.0014577197941893051}
2025-10-31 02:07:16,710 - INFO - Step 23418: {'train_loss_batch': 4.917778491973877, 'train_lr': 0.040000600000000004, 'batch_time': 0.4998228778491403, 'data_time': 0.0014442596951501224}
2025-10-31 02:08:06,634 - INFO - Step 23518: {'train_loss_batch': 4.4151997566223145, 'train_lr': 0.040000600000000004, 'batch_time': 0.49980594654895005, 'data_time': 0.0014311609456144855}
2025-10-31 02:08:56,577 - INFO - Step 23618: {'train_loss_batch': 6.0506486892700195, 'train_lr': 0.040000600000000004, 'batch_time': 0.49979565362736966, 'data_time': 0.001418667679129624}
2025-10-31 02:09:46,495 - INFO - Step 23718: {'train_loss_batch': 5.741267681121826, 'train_lr': 0.040000600000000004, 'batch_time': 0.49977882022440223, 'data_time': 0.0014070692142258783}
2025-10-31 02:10:36,420 - INFO - Step 23818: {'train_loss_batch': 4.297852993011475, 'train_lr': 0.040000600000000004, 'batch_time': 0.49976498714969897, 'data_time': 0.001395267049001098}
2025-10-31 02:11:26,380 - INFO - Step 23918: {'train_loss_batch': 4.20400857925415, 'train_lr': 0.040000600000000004, 'batch_time': 0.4997605612509619, 'data_time': 0.0013861771089484893}
2025-10-31 02:12:16,298 - INFO - Step 24018: {'train_loss_batch': 4.010892868041992, 'train_lr': 0.040000600000000004, 'batch_time': 0.4997459481102739, 'data_time': 0.0013756623300305905}
2025-10-31 02:13:06,243 - INFO - Step 24118: {'train_loss_batch': 4.667243003845215, 'train_lr': 0.040000600000000004, 'batch_time': 0.49973875579238664, 'data_time': 0.0013664892550591461}
2025-10-31 02:13:56,188 - INFO - Step 24218: {'train_loss_batch': 5.371104717254639, 'train_lr': 0.040000600000000004, 'batch_time': 0.4997320199007081, 'data_time': 0.0013576897233192537}
2025-10-31 02:14:46,131 - INFO - Step 24318: {'train_loss_batch': 4.135438919067383, 'train_lr': 0.040000600000000004, 'batch_time': 0.49972496956233453, 'data_time': 0.0013500059296768284}
2025-10-31 02:15:36,076 - INFO - Step 24418: {'train_loss_batch': 4.27104377746582, 'train_lr': 0.040000600000000004, 'batch_time': 0.4997185471111524, 'data_time': 0.0013417491206416377}
2025-10-31 02:16:26,017 - INFO - Step 24518: {'train_loss_batch': 4.894406795501709, 'train_lr': 0.040000600000000004, 'batch_time': 0.4997115802086875, 'data_time': 0.0013328824300708783}
2025-10-31 02:17:15,988 - INFO - Step 24618: {'train_loss_batch': 5.582764148712158, 'train_lr': 0.040000600000000004, 'batch_time': 0.4997115729037017, 'data_time': 0.0013262694412095473}
2025-10-31 02:18:05,972 - INFO - Step 24718: {'train_loss_batch': 4.184815883636475, 'train_lr': 0.040000600000000004, 'batch_time': 0.49971442170864316, 'data_time': 0.0013203528606493507}
2025-10-31 02:18:55,937 - INFO - Step 24818: {'train_loss_batch': 5.559697151184082, 'train_lr': 0.040000600000000004, 'batch_time': 0.49971291944896695, 'data_time': 0.0013127146698837105}
2025-10-31 02:19:45,914 - INFO - Step 24918: {'train_loss_batch': 4.247076034545898, 'train_lr': 0.040000600000000004, 'batch_time': 0.49971408455791677, 'data_time': 0.0013070143478010605}
2025-10-31 02:20:35,846 - INFO - Step 25018: {'train_loss_batch': 4.151059627532959, 'train_lr': 0.040000600000000004, 'batch_time': 0.4997061070764668, 'data_time': 0.0013005816443065147}
2025-10-31 02:21:25,779 - INFO - Step 25118: {'train_loss_batch': 5.383842945098877, 'train_lr': 0.040000600000000004, 'batch_time': 0.4996987109417028, 'data_time': 0.0012944966431950335}
2025-10-31 02:22:15,705 - INFO - Step 25218: {'train_loss_batch': 4.350431442260742, 'train_lr': 0.040000600000000004, 'batch_time': 0.49969030072931553, 'data_time': 0.0012887794910497652}
2025-10-31 02:23:05,670 - INFO - Step 25318: {'train_loss_batch': 4.416526794433594, 'train_lr': 0.040000600000000004, 'batch_time': 0.49968942424707247, 'data_time': 0.001283427180714977}
2025-10-31 02:23:55,599 - INFO - Step 25418: {'train_loss_batch': 4.418875217437744, 'train_lr': 0.040000600000000004, 'batch_time': 0.49968210398499735, 'data_time': 0.0012783528786856828}
2025-10-31 02:24:45,511 - INFO - Step 25518: {'train_loss_batch': 4.212660789489746, 'train_lr': 0.040000600000000004, 'batch_time': 0.4996718626589238, 'data_time': 0.0012729314430651503}
2025-10-31 02:25:35,458 - INFO - Step 25618: {'train_loss_batch': 4.125569820404053, 'train_lr': 0.040000600000000004, 'batch_time': 0.49966815002814635, 'data_time': 0.0012684426037802524}
2025-10-31 02:26:25,399 - INFO - Step 25718: {'train_loss_batch': 4.325514793395996, 'train_lr': 0.040000600000000004, 'batch_time': 0.4996637007454533, 'data_time': 0.0012632800997024961}
2025-10-31 02:27:15,322 - INFO - Step 25818: {'train_loss_batch': 5.521304130554199, 'train_lr': 0.040000600000000004, 'batch_time': 0.4996560685615296, 'data_time': 0.0012595506397491281}
2025-10-31 02:28:05,227 - INFO - Step 25918: {'train_loss_batch': 4.200764179229736, 'train_lr': 0.040000600000000004, 'batch_time': 0.4996457684547128, 'data_time': 0.0012549454227299473}
2025-10-31 02:28:55,137 - INFO - Step 26018: {'train_loss_batch': 5.145305633544922, 'train_lr': 0.040000600000000004, 'batch_time': 0.49963673987481577, 'data_time': 0.0012499577322516357}
2025-10-31 02:29:45,056 - INFO - Step 26118: {'train_loss_batch': 4.68414306640625, 'train_lr': 0.040000600000000004, 'batch_time': 0.4996293194077871, 'data_time': 0.0012457762325695158}
2025-10-31 02:30:34,969 - INFO - Step 26218: {'train_loss_batch': 5.467724800109863, 'train_lr': 0.040000600000000004, 'batch_time': 0.4996212058597141, 'data_time': 0.0012409274875300677}
2025-10-31 02:31:24,866 - INFO - Step 26318: {'train_loss_batch': 4.230949878692627, 'train_lr': 0.040000600000000004, 'batch_time': 0.49961096796605764, 'data_time': 0.001236967956465476}
2025-10-31 02:32:14,812 - INFO - Step 26418: {'train_loss_batch': 5.2223968505859375, 'train_lr': 0.040000600000000004, 'batch_time': 0.499608498218562, 'data_time': 0.0012332626551953057}
2025-10-31 02:33:04,713 - INFO - Step 26518: {'train_loss_batch': 4.131861686706543, 'train_lr': 0.040000600000000004, 'batch_time': 0.49959935963731456, 'data_time': 0.00122999818558657}
2025-10-31 02:33:54,610 - INFO - Step 26618: {'train_loss_batch': 4.619822978973389, 'train_lr': 0.040000600000000004, 'batch_time': 0.4995896974091746, 'data_time': 0.00122574274692729}
2025-10-31 02:34:44,533 - INFO - Step 26718: {'train_loss_batch': 4.122472286224365, 'train_lr': 0.040000600000000004, 'batch_time': 0.4995844472683894, 'data_time': 0.0012213476130080354}
2025-10-31 02:35:34,468 - INFO - Step 26818: {'train_loss_batch': 5.4238786697387695, 'train_lr': 0.040000600000000004, 'batch_time': 0.49958089803390826, 'data_time': 0.0012183091234168732}
2025-10-31 02:36:24,379 - INFO - Step 26918: {'train_loss_batch': 6.039137840270996, 'train_lr': 0.040000600000000004, 'batch_time': 0.4995740229730035, 'data_time': 0.0012148970573678463}
2025-10-31 02:37:14,272 - INFO - Step 27018: {'train_loss_batch': 4.298415660858154, 'train_lr': 0.040000600000000004, 'batch_time': 0.49956481733623187, 'data_time': 0.0012114181499483926}
2025-10-31 02:38:04,189 - INFO - Step 27118: {'train_loss_batch': 4.737236976623535, 'train_lr': 0.040000600000000004, 'batch_time': 0.49955923005638453, 'data_time': 0.0012080345736676715}
2025-10-31 02:38:54,110 - INFO - Step 27218: {'train_loss_batch': 4.138677597045898, 'train_lr': 0.040000600000000004, 'batch_time': 0.49955440302587784, 'data_time': 0.0012049050219206988}
2025-10-31 02:39:44,017 - INFO - Step 27318: {'train_loss_batch': 4.573404312133789, 'train_lr': 0.040000600000000004, 'batch_time': 0.49954773053586066, 'data_time': 0.0012017438353259112}
2025-10-31 02:40:33,987 - INFO - Step 27418: {'train_loss_batch': 4.934702396392822, 'train_lr': 0.040000600000000004, 'batch_time': 0.4995497712701128, 'data_time': 0.0011994196682133525}
2025-10-31 02:41:23,907 - INFO - Step 27518: {'train_loss_batch': 3.839489698410034, 'train_lr': 0.040000600000000004, 'batch_time': 0.4995450340355417, 'data_time': 0.0011976358334615444}
2025-10-31 02:42:13,829 - INFO - Step 27618: {'train_loss_batch': 4.242372035980225, 'train_lr': 0.040000600000000004, 'batch_time': 0.4995407321989152, 'data_time': 0.0011955500746883697}
2025-10-31 02:43:03,755 - INFO - Step 27718: {'train_loss_batch': 5.497572898864746, 'train_lr': 0.040000600000000004, 'batch_time': 0.49953709136602276, 'data_time': 0.0011925910637140614}
2025-10-31 02:43:53,657 - INFO - Step 27818: {'train_loss_batch': 4.196805477142334, 'train_lr': 0.040000600000000004, 'batch_time': 0.4995304475517063, 'data_time': 0.0011899014983845282}
2025-10-31 02:44:43,578 - INFO - Step 27918: {'train_loss_batch': 5.279052734375, 'train_lr': 0.040000600000000004, 'batch_time': 0.49952632565239447, 'data_time': 0.0011876163837532803}
2025-10-31 02:45:33,486 - INFO - Step 28018: {'train_loss_batch': 4.131145000457764, 'train_lr': 0.040000600000000004, 'batch_time': 0.4995208045211885, 'data_time': 0.0011854925955434006}
2025-10-31 02:46:23,400 - INFO - Step 28118: {'train_loss_batch': 4.164780139923096, 'train_lr': 0.040000600000000004, 'batch_time': 0.4995160940737949, 'data_time': 0.00118272643871564}
2025-10-31 02:47:13,292 - INFO - Step 28218: {'train_loss_batch': 3.9204139709472656, 'train_lr': 0.040000600000000004, 'batch_time': 0.4995087302468082, 'data_time': 0.001180789773310994}
2025-10-31 02:48:03,225 - INFO - Step 28318: {'train_loss_batch': 5.983524322509766, 'train_lr': 0.040000600000000004, 'batch_time': 0.49950656312414715, 'data_time': 0.0011783645118866868}
2025-10-31 02:48:53,155 - INFO - Step 28418: {'train_loss_batch': 4.223395347595215, 'train_lr': 0.040000600000000004, 'batch_time': 0.4995041091361793, 'data_time': 0.001176093025103082}
2025-10-31 02:49:43,062 - INFO - Step 28518: {'train_loss_batch': 3.936764717102051, 'train_lr': 0.040000600000000004, 'batch_time': 0.49949900201735337, 'data_time': 0.0011743978112883433}
2025-10-31 02:50:32,983 - INFO - Step 28618: {'train_loss_batch': 4.075504779815674, 'train_lr': 0.040000600000000004, 'batch_time': 0.4994955869237152, 'data_time': 0.0011723333701825728}
2025-10-31 02:51:22,920 - INFO - Step 28718: {'train_loss_batch': 3.857560873031616, 'train_lr': 0.040000600000000004, 'batch_time': 0.4994941518411131, 'data_time': 0.0011704857219787675}
2025-10-31 02:52:12,820 - INFO - Step 28818: {'train_loss_batch': 4.047142028808594, 'train_lr': 0.040000600000000004, 'batch_time': 0.4994884928361, 'data_time': 0.00116845155734797}
2025-10-31 02:53:02,734 - INFO - Step 28918: {'train_loss_batch': 4.352869987487793, 'train_lr': 0.040000600000000004, 'batch_time': 0.49948453434450335, 'data_time': 0.00116663956264474}
2025-10-31 02:53:52,612 - INFO - Step 29018: {'train_loss_batch': 5.47254753112793, 'train_lr': 0.040000600000000004, 'batch_time': 0.49947676450964373, 'data_time': 0.0011646565881361895}
2025-10-31 02:54:42,509 - INFO - Step 29118: {'train_loss_batch': 5.971978187561035, 'train_lr': 0.040000600000000004, 'batch_time': 0.49947115872249725, 'data_time': 0.0011628570038988595}
2025-10-31 02:55:32,416 - INFO - Step 29218: {'train_loss_batch': 4.075779438018799, 'train_lr': 0.040000600000000004, 'batch_time': 0.4994667217454474, 'data_time': 0.0011610592749958103}
2025-10-31 02:56:22,333 - INFO - Step 29318: {'train_loss_batch': 4.308844566345215, 'train_lr': 0.040000600000000004, 'batch_time': 0.49946354427794953, 'data_time': 0.0011591422738548044}
2025-10-31 02:57:12,269 - INFO - Step 29418: {'train_loss_batch': 4.73518705368042, 'train_lr': 0.040000600000000004, 'batch_time': 0.4994624894345749, 'data_time': 0.0011577016304761929}
2025-10-31 02:58:02,164 - INFO - Step 29518: {'train_loss_batch': 5.313087463378906, 'train_lr': 0.040000600000000004, 'batch_time': 0.49945706679261165, 'data_time': 0.0011556946770816888}
2025-10-31 02:58:52,077 - INFO - Step 29618: {'train_loss_batch': 4.730738639831543, 'train_lr': 0.040000600000000004, 'batch_time': 0.49945362112619224, 'data_time': 0.0011542417297585783}
2025-10-31 02:59:41,959 - INFO - Step 29718: {'train_loss_batch': 5.501528263092041, 'train_lr': 0.040000600000000004, 'batch_time': 0.49944708409008076, 'data_time': 0.0011524465720366725}
2025-10-31 03:00:31,869 - INFO - Step 29818: {'train_loss_batch': 3.9466352462768555, 'train_lr': 0.040000600000000004, 'batch_time': 0.4994435146163646, 'data_time': 0.0011518539646282182}
2025-10-31 03:01:21,760 - INFO - Step 29918: {'train_loss_batch': 4.077754020690918, 'train_lr': 0.040000600000000004, 'batch_time': 0.4994381197702161, 'data_time': 0.0011505617804990105}
2025-10-31 03:02:11,623 - INFO - Step 30018: {'train_loss_batch': 5.4578142166137695, 'train_lr': 0.040000600000000004, 'batch_time': 0.4994299849228029, 'data_time': 0.0011488298525417844}
2025-10-31 03:04:43,347 - INFO - Step 2: {'epoch': 2, 'learning_rate': 0.0600004, 'train_loss': 4.774942996082921, 'train_top1': 26.770249617931736, 'train_top5': 50.62643275598574, 'val_loss': 10.117632048645019, 'val_top1': 0.106, 'val_top5': 0.326}
2025-10-31 03:04:43,348 - INFO - Epoch 002 Summary - LR: 0.060000, Train Loss: 4.7749, Train Top1: 26.77%, Val Loss: 10.1176, Val Top1: 0.11%, Val Top5: 0.33%
2025-10-31 03:04:45,237 - INFO - Step 30027: {'train_loss_batch': 5.900769233703613, 'train_lr': 0.0600004, 'batch_time': 1.8868234157562256, 'data_time': 1.390120029449463}
2025-10-31 03:05:34,943 - INFO - Step 30127: {'train_loss_batch': 5.396329402923584, 'train_lr': 0.0600004, 'batch_time': 0.5108211843094023, 'data_time': 0.01481378196489693}
2025-10-31 03:06:24,787 - INFO - Step 30227: {'train_loss_batch': 4.9032697677612305, 'train_lr': 0.0600004, 'batch_time': 0.5046635255291687, 'data_time': 0.007928825729521947}
2025-10-31 03:07:14,659 - INFO - Step 30327: {'train_loss_batch': 4.145768165588379, 'train_lr': 0.0600004, 'batch_time': 0.5026875152144321, 'data_time': 0.005625147360107828}
2025-10-31 03:08:04,558 - INFO - Step 30427: {'train_loss_batch': 4.046657085418701, 'train_lr': 0.0600004, 'batch_time': 0.5017657708051496, 'data_time': 0.0044598074030697795}
2025-10-31 03:08:54,464 - INFO - Step 30527: {'train_loss_batch': 4.284432411193848, 'train_lr': 0.0600004, 'batch_time': 0.5012242789278011, 'data_time': 0.00376301611255029}
2025-10-31 03:09:44,357 - INFO - Step 30627: {'train_loss_batch': 4.195107460021973, 'train_lr': 0.0600004, 'batch_time': 0.5008422796817469, 'data_time': 0.0033032723552177037}
2025-10-31 03:10:34,230 - INFO - Step 30727: {'train_loss_batch': 4.1169586181640625, 'train_lr': 0.0600004, 'batch_time': 0.5005403360864745, 'data_time': 0.0029739806383380536}
2025-10-31 03:11:24,149 - INFO - Step 30827: {'train_loss_batch': 5.558633804321289, 'train_lr': 0.0600004, 'batch_time': 0.5003721077046294, 'data_time': 0.002733298455284776}
2025-10-31 03:12:14,045 - INFO - Step 30927: {'train_loss_batch': 4.395985126495361, 'train_lr': 0.0600004, 'batch_time': 0.5002152287338206, 'data_time': 0.0025428151184657835}
2025-10-31 03:13:03,960 - INFO - Step 31027: {'train_loss_batch': 5.197694778442383, 'train_lr': 0.0600004, 'batch_time': 0.500108848918568, 'data_time': 0.0023931806737726383}
2025-10-31 03:13:53,884 - INFO - Step 31127: {'train_loss_batch': 4.290938854217529, 'train_lr': 0.0600004, 'batch_time': 0.500029241897971, 'data_time': 0.002266496880069632}
2025-10-31 03:14:43,764 - INFO - Step 31227: {'train_loss_batch': 4.44180154800415, 'train_lr': 0.0600004, 'batch_time': 0.499926696709054, 'data_time': 0.0021580506323974}
2025-10-31 03:15:33,650 - INFO - Step 31327: {'train_loss_batch': 5.343481540679932, 'train_lr': 0.0600004, 'batch_time': 0.4998450955457636, 'data_time': 0.0020686222167311955}
2025-10-31 03:16:23,545 - INFO - Step 31427: {'train_loss_batch': 4.834272861480713, 'train_lr': 0.0600004, 'batch_time': 0.49978109975102797, 'data_time': 0.0019960270703987593}
2025-10-31 03:17:13,439 - INFO - Step 31527: {'train_loss_batch': 5.491716384887695, 'train_lr': 0.0600004, 'batch_time': 0.49972505334375067, 'data_time': 0.0019319437091784189}
2025-10-31 03:18:03,329 - INFO - Step 31627: {'train_loss_batch': 4.22029447555542, 'train_lr': 0.0600004, 'batch_time': 0.49967320437434315, 'data_time': 0.0018741946008933624}
2025-10-31 03:18:53,248 - INFO - Step 31727: {'train_loss_batch': 4.446660995483398, 'train_lr': 0.0600004, 'batch_time': 0.49964465077381703, 'data_time': 0.001823127024458269}
2025-10-31 03:19:43,127 - INFO - Step 31827: {'train_loss_batch': 5.74664306640625, 'train_lr': 0.0600004, 'batch_time': 0.49959713429096736, 'data_time': 0.0017777086297119413}
2025-10-31 03:20:33,041 - INFO - Step 31927: {'train_loss_batch': 3.9976260662078857, 'train_lr': 0.0600004, 'batch_time': 0.49957314884581105, 'data_time': 0.0017373603246890513}
2025-10-31 03:21:22,933 - INFO - Step 32027: {'train_loss_batch': 5.169854164123535, 'train_lr': 0.0600004, 'batch_time': 0.49954009353965595, 'data_time': 0.001699929711581587}
2025-10-31 03:22:12,799 - INFO - Step 32127: {'train_loss_batch': 3.9571568965911865, 'train_lr': 0.0600004, 'batch_time': 0.49949838921094386, 'data_time': 0.0016662661431234033}
2025-10-31 03:23:02,702 - INFO - Step 32227: {'train_loss_batch': 5.895951271057129, 'train_lr': 0.0600004, 'batch_time': 0.4994769580577623, 'data_time': 0.0016364120776303408}
2025-10-31 03:23:52,612 - INFO - Step 32327: {'train_loss_batch': 5.103282451629639, 'train_lr': 0.0600004, 'batch_time': 0.49946064692069947, 'data_time': 0.0016087137683999378}
2025-10-31 03:24:42,514 - INFO - Step 32427: {'train_loss_batch': 4.736602306365967, 'train_lr': 0.0600004, 'batch_time': 0.4994420729195858, 'data_time': 0.0015819879036950647}
2025-10-31 03:25:32,436 - INFO - Step 32527: {'train_loss_batch': 3.882685899734497, 'train_lr': 0.0600004, 'batch_time': 0.49943310677743064, 'data_time': 0.001558685245536795}
2025-10-31 03:26:22,344 - INFO - Step 32627: {'train_loss_batch': 3.9197821617126465, 'train_lr': 0.0600004, 'batch_time': 0.49941943242704806, 'data_time': 0.0015371816518534977}
2025-10-31 03:27:12,228 - INFO - Step 32727: {'train_loss_batch': 4.607478618621826, 'train_lr': 0.0600004, 'batch_time': 0.4993980326329457, 'data_time': 0.001516848570856506}
2025-10-31 03:28:02,115 - INFO - Step 32827: {'train_loss_batch': 5.6375322341918945, 'train_lr': 0.0600004, 'batch_time': 0.4993790806467641, 'data_time': 0.0014982651659779275}
2025-10-31 03:28:52,020 - INFO - Step 32927: {'train_loss_batch': 4.235766410827637, 'train_lr': 0.0600004, 'batch_time': 0.4993678340004543, 'data_time': 0.0014805271065839198}
2025-10-31 03:29:41,925 - INFO - Step 33027: {'train_loss_batch': 3.984846830368042, 'train_lr': 0.0600004, 'batch_time': 0.49935717409509534, 'data_time': 0.001465230971644299}
2025-10-31 03:30:31,806 - INFO - Step 33127: {'train_loss_batch': 4.058302879333496, 'train_lr': 0.0600004, 'batch_time': 0.49933946467107126, 'data_time': 0.0014495219925994528}
2025-10-31 03:31:21,704 - INFO - Step 33227: {'train_loss_batch': 5.373355865478516, 'train_lr': 0.0600004, 'batch_time': 0.4993279941079766, 'data_time': 0.0014356737098109905}
2025-10-31 03:32:11,599 - INFO - Step 33327: {'train_loss_batch': 4.069980144500732, 'train_lr': 0.0600004, 'batch_time': 0.4993166503166654, 'data_time': 0.0014219383729728414}
2025-10-31 03:33:01,487 - INFO - Step 33427: {'train_loss_batch': 3.7321877479553223, 'train_lr': 0.0600004, 'batch_time': 0.49930371448805105, 'data_time': 0.0014105146683443647}
2025-10-31 03:33:51,383 - INFO - Step 33527: {'train_loss_batch': 6.064384937286377, 'train_lr': 0.0600004, 'batch_time': 0.49929390911101207, 'data_time': 0.0013979688708150907}
2025-10-31 03:34:41,285 - INFO - Step 33627: {'train_loss_batch': 3.807359457015991, 'train_lr': 0.0600004, 'batch_time': 0.49928633639031866, 'data_time': 0.0013870418949015967}
2025-10-31 03:35:31,159 - INFO - Step 33727: {'train_loss_batch': 5.439283847808838, 'train_lr': 0.0600004, 'batch_time': 0.49927139301552576, 'data_time': 0.0013764861209171588}
2025-10-31 03:36:21,053 - INFO - Step 33827: {'train_loss_batch': 5.233686447143555, 'train_lr': 0.0600004, 'batch_time': 0.4992627684174949, 'data_time': 0.0013668707125251527}
2025-10-31 03:37:10,935 - INFO - Step 33927: {'train_loss_batch': 3.9375672340393066, 'train_lr': 0.0600004, 'batch_time': 0.4992511363495194, 'data_time': 0.0013569204417964306}
2025-10-31 03:38:00,817 - INFO - Step 34027: {'train_loss_batch': 5.627406597137451, 'train_lr': 0.0600004, 'batch_time': 0.49924043594852324, 'data_time': 0.0013479675778267652}
2025-10-31 03:38:50,719 - INFO - Step 34127: {'train_loss_batch': 3.775137424468994, 'train_lr': 0.0600004, 'batch_time': 0.49923501733279, 'data_time': 0.0013394069160027958}
2025-10-31 03:39:40,606 - INFO - Step 34227: {'train_loss_batch': 4.551823616027832, 'train_lr': 0.0600004, 'batch_time': 0.4992263342079393, 'data_time': 0.0013299394124918}
2025-10-31 03:40:30,508 - INFO - Step 34327: {'train_loss_batch': 5.335792541503906, 'train_lr': 0.0600004, 'batch_time': 0.4992215919428109, 'data_time': 0.0013230354168946674}
2025-10-31 03:41:20,390 - INFO - Step 34427: {'train_loss_batch': 4.832151412963867, 'train_lr': 0.0600004, 'batch_time': 0.4992124069498171, 'data_time': 0.001315605908571333}
2025-10-31 03:42:10,272 - INFO - Step 34527: {'train_loss_batch': 5.523669242858887, 'train_lr': 0.0600004, 'batch_time': 0.49920349427261135, 'data_time': 0.0013077484186795837}
2025-10-31 03:43:00,185 - INFO - Step 34627: {'train_loss_batch': 4.487910747528076, 'train_lr': 0.0600004, 'batch_time': 0.4992019507812951, 'data_time': 0.0013014487768354377}
2025-10-31 03:43:50,072 - INFO - Step 34727: {'train_loss_batch': 5.151102542877197, 'train_lr': 0.0600004, 'batch_time': 0.4991949069654655, 'data_time': 0.0012957497977926437}
2025-10-31 03:44:39,951 - INFO - Step 34827: {'train_loss_batch': 5.5930681228637695, 'train_lr': 0.0600004, 'batch_time': 0.4991864412184979, 'data_time': 0.0012884255722894493}
2025-10-31 03:45:29,848 - INFO - Step 34927: {'train_loss_batch': 3.639289379119873, 'train_lr': 0.0600004, 'batch_time': 0.4991819593911754, 'data_time': 0.0012821130571596916}
2025-10-31 03:46:19,773 - INFO - Step 35027: {'train_loss_batch': 5.692849159240723, 'train_lr': 0.0600004, 'batch_time': 0.49918328831372705, 'data_time': 0.0012766957831273102}
2025-10-31 03:47:09,697 - INFO - Step 35127: {'train_loss_batch': 5.4144134521484375, 'train_lr': 0.0600004, 'batch_time': 0.4991843054935386, 'data_time': 0.0012722130827613027}
2025-10-31 03:47:59,610 - INFO - Step 35227: {'train_loss_batch': 5.583674430847168, 'train_lr': 0.0600004, 'batch_time': 0.4991832758641844, 'data_time': 0.0012678804821153026}
2025-10-31 03:48:49,498 - INFO - Step 35327: {'train_loss_batch': 3.765587091445923, 'train_lr': 0.0600004, 'batch_time': 0.4991774545528151, 'data_time': 0.0012622022601798488}
2025-10-31 03:49:39,375 - INFO - Step 35427: {'train_loss_batch': 5.12136173248291, 'train_lr': 0.0600004, 'batch_time': 0.49916987493289355, 'data_time': 0.001256870662828349}
2025-10-31 03:50:29,273 - INFO - Step 35527: {'train_loss_batch': 5.588608741760254, 'train_lr': 0.0600004, 'batch_time': 0.49916654520740383, 'data_time': 0.0012513868723364662}
2025-10-31 03:51:19,187 - INFO - Step 35627: {'train_loss_batch': 4.143101215362549, 'train_lr': 0.0600004, 'batch_time': 0.49916604135190135, 'data_time': 0.0012472882225691814}
2025-10-31 03:52:09,048 - INFO - Step 35727: {'train_loss_batch': 5.416064262390137, 'train_lr': 0.0600004, 'batch_time': 0.49915627980729904, 'data_time': 0.0012421694957798059}
2025-10-31 03:52:58,928 - INFO - Step 35827: {'train_loss_batch': 3.9597482681274414, 'train_lr': 0.0600004, 'batch_time': 0.49914997319808563, 'data_time': 0.0012379869718507248}
2025-10-31 03:53:48,827 - INFO - Step 35927: {'train_loss_batch': 4.004268169403076, 'train_lr': 0.0600004, 'batch_time': 0.49914726474046345, 'data_time': 0.001233705644424922}
2025-10-31 03:54:38,728 - INFO - Step 36027: {'train_loss_batch': 4.411379814147949, 'train_lr': 0.0600004, 'batch_time': 0.4991450368156236, 'data_time': 0.0012309079248892072}
2025-10-31 03:55:28,630 - INFO - Step 36127: {'train_loss_batch': 3.7806782722473145, 'train_lr': 0.0600004, 'batch_time': 0.4991428368288149, 'data_time': 0.0012278101167177064}
2025-10-31 03:56:18,521 - INFO - Step 36227: {'train_loss_batch': 3.854161024093628, 'train_lr': 0.0600004, 'batch_time': 0.49913903759902684, 'data_time': 0.001224671116069024}
2025-10-31 03:57:08,397 - INFO - Step 36327: {'train_loss_batch': 3.5211594104766846, 'train_lr': 0.0600004, 'batch_time': 0.4991329883965324, 'data_time': 0.0012213472070589535}
2025-10-31 03:57:58,262 - INFO - Step 36427: {'train_loss_batch': 5.422929763793945, 'train_lr': 0.0600004, 'batch_time': 0.4991255717582208, 'data_time': 0.0012183734316916005}
2025-10-31 03:58:48,176 - INFO - Step 36527: {'train_loss_batch': 3.828226089477539, 'train_lr': 0.0600004, 'batch_time': 0.499125653056984, 'data_time': 0.0012150260049221132}
2025-10-31 03:59:38,043 - INFO - Step 36627: {'train_loss_batch': 4.9411211013793945, 'train_lr': 0.0600004, 'batch_time': 0.4991188514884575, 'data_time': 0.001211936176590731}
2025-10-31 04:00:27,931 - INFO - Step 36727: {'train_loss_batch': 5.090382099151611, 'train_lr': 0.0600004, 'batch_time': 0.49911511056442043, 'data_time': 0.0012083866937429829}
2025-10-31 04:01:17,794 - INFO - Step 36827: {'train_loss_batch': 4.0624494552612305, 'train_lr': 0.0600004, 'batch_time': 0.49910799732384936, 'data_time': 0.0012054409354666615}
2025-10-31 04:02:07,692 - INFO - Step 36927: {'train_loss_batch': 3.7908287048339844, 'train_lr': 0.0600004, 'batch_time': 0.4991061358914101, 'data_time': 0.0012024033848677246}
2025-10-31 04:02:57,553 - INFO - Step 37027: {'train_loss_batch': 3.9402689933776855, 'train_lr': 0.0600004, 'batch_time': 0.499099007778007, 'data_time': 0.0011990335290388726}
2025-10-31 04:03:47,430 - INFO - Step 37127: {'train_loss_batch': 4.207798004150391, 'train_lr': 0.0600004, 'batch_time': 0.4990943874578848, 'data_time': 0.0011967850510393493}
2025-10-31 04:04:37,295 - INFO - Step 37227: {'train_loss_batch': 4.884278774261475, 'train_lr': 0.0600004, 'batch_time': 0.4990881687236352, 'data_time': 0.0011933527958259006}
2025-10-31 04:05:27,134 - INFO - Step 37327: {'train_loss_batch': 5.212350368499756, 'train_lr': 0.0600004, 'batch_time': 0.4990786911444931, 'data_time': 0.001190501914385524}
2025-10-31 04:06:17,022 - INFO - Step 37427: {'train_loss_batch': 5.171283721923828, 'train_lr': 0.0600004, 'batch_time': 0.4990759220917053, 'data_time': 0.0011882324860460322}
2025-10-31 04:07:06,909 - INFO - Step 37527: {'train_loss_batch': 3.8040857315063477, 'train_lr': 0.0600004, 'batch_time': 0.4990731463593144, 'data_time': 0.0011855186327125785}
2025-10-31 04:07:56,803 - INFO - Step 37627: {'train_loss_batch': 5.128877639770508, 'train_lr': 0.0600004, 'batch_time': 0.49907138466505674, 'data_time': 0.0011829195360089115}
2025-10-31 04:08:46,667 - INFO - Step 37727: {'train_loss_batch': 5.095765113830566, 'train_lr': 0.0600004, 'batch_time': 0.49906571941427746, 'data_time': 0.001179847356917378}
2025-10-31 04:09:36,534 - INFO - Step 37827: {'train_loss_batch': 3.90564227104187, 'train_lr': 0.0600004, 'batch_time': 0.49906065289507523, 'data_time': 0.0011768215757931612}
2025-10-31 04:10:26,421 - INFO - Step 37927: {'train_loss_batch': 4.118568420410156, 'train_lr': 0.0600004, 'batch_time': 0.4990581851143759, 'data_time': 0.0011744993485283087}
2025-10-31 04:11:16,308 - INFO - Step 38027: {'train_loss_batch': 3.9264557361602783, 'train_lr': 0.0600004, 'batch_time': 0.4990558991088314, 'data_time': 0.001172187879314692}
2025-10-31 04:12:06,192 - INFO - Step 38127: {'train_loss_batch': 3.9339065551757812, 'train_lr': 0.0600004, 'batch_time': 0.4990531587700773, 'data_time': 0.001170531273947691}
2025-10-31 04:12:56,079 - INFO - Step 38227: {'train_loss_batch': 5.194145202636719, 'train_lr': 0.0600004, 'batch_time': 0.4990509657318484, 'data_time': 0.001168888933032682}
2025-10-31 04:13:45,967 - INFO - Step 38327: {'train_loss_batch': 4.108905792236328, 'train_lr': 0.0600004, 'batch_time': 0.49904889704850536, 'data_time': 0.0011671136594826794}
2025-10-31 04:14:35,881 - INFO - Step 38427: {'train_loss_batch': 3.8826301097869873, 'train_lr': 0.0600004, 'batch_time': 0.4990499048853982, 'data_time': 0.0011645899033520906}
2025-10-31 04:15:25,765 - INFO - Step 38527: {'train_loss_batch': 3.560776472091675, 'train_lr': 0.0600004, 'batch_time': 0.49904737505067476, 'data_time': 0.0011623461882292053}
2025-10-31 04:16:15,679 - INFO - Step 38627: {'train_loss_batch': 4.173737525939941, 'train_lr': 0.0600004, 'batch_time': 0.499048500639826, 'data_time': 0.0011608310112245222}
2025-10-31 04:17:05,556 - INFO - Step 38727: {'train_loss_batch': 3.5831828117370605, 'train_lr': 0.0600004, 'batch_time': 0.4990452531973064, 'data_time': 0.0011590884041750573}
2025-10-31 04:17:55,434 - INFO - Step 38827: {'train_loss_batch': 4.0595479011535645, 'train_lr': 0.0600004, 'batch_time': 0.499042198368398, 'data_time': 0.0011566853932312518}
2025-10-31 04:18:45,327 - INFO - Step 38927: {'train_loss_batch': 5.995504379272461, 'train_lr': 0.0600004, 'batch_time': 0.4990409246630487, 'data_time': 0.0011550639267919197}
2025-10-31 04:19:35,208 - INFO - Step 39027: {'train_loss_batch': 3.718864917755127, 'train_lr': 0.0600004, 'batch_time': 0.4990383828299507, 'data_time': 0.001153472502646665}
2025-10-31 04:20:25,088 - INFO - Step 39127: {'train_loss_batch': 3.8946967124938965, 'train_lr': 0.0600004, 'batch_time': 0.49903576469148936, 'data_time': 0.0011521349790502074}
2025-10-31 04:21:14,982 - INFO - Step 39227: {'train_loss_batch': 5.656014442443848, 'train_lr': 0.0600004, 'batch_time': 0.499034673905142, 'data_time': 0.0011504904470577434}
2025-10-31 04:22:04,843 - INFO - Step 39327: {'train_loss_batch': 5.158961772918701, 'train_lr': 0.0600004, 'batch_time': 0.4990301226790317, 'data_time': 0.0011493027716500185}
2025-10-31 04:22:54,751 - INFO - Step 39427: {'train_loss_batch': 3.857590436935425, 'train_lr': 0.0600004, 'batch_time': 0.4990305476791744, 'data_time': 0.0011473709110908846}
2025-10-31 04:23:44,635 - INFO - Step 39527: {'train_loss_batch': 5.206721305847168, 'train_lr': 0.0600004, 'batch_time': 0.4990285667240362, 'data_time': 0.0011457007955895037}
2025-10-31 04:24:34,507 - INFO - Step 39627: {'train_loss_batch': 3.8016133308410645, 'train_lr': 0.0600004, 'batch_time': 0.49902533876462574, 'data_time': 0.001143573957263846}
2025-10-31 04:25:24,364 - INFO - Step 39727: {'train_loss_batch': 4.465118885040283, 'train_lr': 0.0600004, 'batch_time': 0.49902061228530453, 'data_time': 0.0011415905023945839}
2025-10-31 04:26:14,244 - INFO - Step 39827: {'train_loss_batch': 4.107544898986816, 'train_lr': 0.0600004, 'batch_time': 0.49901838023350464, 'data_time': 0.0011400809130879303}
2025-10-31 04:27:04,113 - INFO - Step 39927: {'train_loss_batch': 3.5682270526885986, 'train_lr': 0.0600004, 'batch_time': 0.49901508776879816, 'data_time': 0.0011384793693712777}
2025-10-31 04:27:54,004 - INFO - Step 40027: {'train_loss_batch': 3.7698044776916504, 'train_lr': 0.0600004, 'batch_time': 0.4990139816441711, 'data_time': 0.0011369900254771276}
2025-10-31 04:30:25,596 - INFO - Step 3: {'epoch': 3, 'learning_rate': 0.08000020000000001, 'train_loss': 4.527854603979778, 'train_top1': 31.828473945409428, 'train_top5': 56.91338399503722, 'val_loss': 9.655288650817871, 'val_top1': 0.062, 'val_top5': 0.186}
2025-10-31 04:30:25,597 - INFO - Epoch 003 Summary - LR: 0.080000, Train Loss: 4.5279, Train Top1: 31.83%, Val Loss: 9.6553, Val Top1: 0.06%, Val Top5: 0.19%
2025-10-31 04:30:27,570 - INFO - Step 40036: {'train_loss_batch': 5.282539367675781, 'train_lr': 0.08000020000000001, 'batch_time': 1.9701738357543945, 'data_time': 1.4766318798065186}
2025-10-31 04:31:17,274 - INFO - Step 40136: {'train_loss_batch': 4.942150592803955, 'train_lr': 0.08000020000000001, 'batch_time': 0.5116318853774874, 'data_time': 0.015640081745563167}
2025-10-31 04:32:07,082 - INFO - Step 40236: {'train_loss_batch': 5.7223405838012695, 'train_lr': 0.08000020000000001, 'batch_time': 0.50488989507381, 'data_time': 0.00834107754835442}
2025-10-31 04:32:56,912 - INFO - Step 40336: {'train_loss_batch': 4.750234603881836, 'train_lr': 0.08000020000000001, 'batch_time': 0.5027005418986578, 'data_time': 0.005905146614657684}
2025-10-31 04:33:46,784 - INFO - Step 40436: {'train_loss_batch': 4.220336437225342, 'train_lr': 0.08000020000000001, 'batch_time': 0.5017076073739297, 'data_time': 0.004683041513114796}
2025-10-31 04:34:36,656 - INFO - Step 40536: {'train_loss_batch': 4.549704551696777, 'train_lr': 0.08000020000000001, 'batch_time': 0.5011118253072103, 'data_time': 0.003951126467919873}
2025-10-31 04:35:26,523 - INFO - Step 40636: {'train_loss_batch': 4.3933234214782715, 'train_lr': 0.08000020000000001, 'batch_time': 0.5007045709352922, 'data_time': 0.0034595372871233897}
2025-10-31 04:36:16,384 - INFO - Step 40736: {'train_loss_batch': 5.026921272277832, 'train_lr': 0.08000020000000001, 'batch_time': 0.5004046616302578, 'data_time': 0.0031057169365984907}
2025-10-31 04:37:06,259 - INFO - Step 40836: {'train_loss_batch': 3.7694854736328125, 'train_lr': 0.08000020000000001, 'batch_time': 0.5001990190903643, 'data_time': 0.0028471232353524767}
2025-10-31 04:37:56,132 - INFO - Step 40936: {'train_loss_batch': 4.952488899230957, 'train_lr': 0.08000020000000001, 'batch_time': 0.5000359874454375, 'data_time': 0.002639523092305885}
2025-10-31 04:38:46,011 - INFO - Step 41036: {'train_loss_batch': 4.147003173828125, 'train_lr': 0.08000020000000001, 'batch_time': 0.49991060279823324, 'data_time': 0.002473324090688974}
2025-10-31 04:39:35,909 - INFO - Step 41136: {'train_loss_batch': 4.059193134307861, 'train_lr': 0.08000020000000001, 'batch_time': 0.4998263097913778, 'data_time': 0.0023420257637654512}
2025-10-31 04:40:25,794 - INFO - Step 41236: {'train_loss_batch': 5.1805291175842285, 'train_lr': 0.08000020000000001, 'batch_time': 0.49974448039668684, 'data_time': 0.0022269353382196357}
2025-10-31 04:41:15,692 - INFO - Step 41336: {'train_loss_batch': 3.834209442138672, 'train_lr': 0.08000020000000001, 'batch_time': 0.49968611543495595, 'data_time': 0.002136726364733896}
2025-10-31 04:42:05,572 - INFO - Step 41436: {'train_loss_batch': 4.435554504394531, 'train_lr': 0.08000020000000001, 'batch_time': 0.4996228020672795, 'data_time': 0.0020557702396019795}
2025-10-31 04:42:55,436 - INFO - Step 41536: {'train_loss_batch': 4.4521403312683105, 'train_lr': 0.08000020000000001, 'batch_time': 0.499557068791094, 'data_time': 0.001985663973753012}
2025-10-31 04:43:45,283 - INFO - Step 41636: {'train_loss_batch': 5.495940685272217, 'train_lr': 0.08000020000000001, 'batch_time': 0.4994889166413211, 'data_time': 0.0019253214622273584}
2025-10-31 04:44:35,153 - INFO - Step 41736: {'train_loss_batch': 4.086399078369141, 'train_lr': 0.08000020000000001, 'batch_time': 0.49944269425864785, 'data_time': 0.0018712403422450402}
2025-10-31 04:45:25,025 - INFO - Step 41836: {'train_loss_batch': 5.523097038269043, 'train_lr': 0.08000020000000001, 'batch_time': 0.49940233029371367, 'data_time': 0.0018208925754477222}
2025-10-31 04:46:14,873 - INFO - Step 41936: {'train_loss_batch': 3.611487865447998, 'train_lr': 0.08000020000000001, 'batch_time': 0.4993538179252099, 'data_time': 0.0017762536566110739}
2025-10-31 04:47:04,754 - INFO - Step 42036: {'train_loss_batch': 3.900448799133301, 'train_lr': 0.08000020000000001, 'batch_time': 0.4993263433600354, 'data_time': 0.0017365412018645829}
2025-10-31 04:47:54,610 - INFO - Step 42136: {'train_loss_batch': 5.228446006774902, 'train_lr': 0.08000020000000001, 'batch_time': 0.49928980404737167, 'data_time': 0.001701207231306451}
2025-10-31 04:48:44,474 - INFO - Step 42236: {'train_loss_batch': 4.0271172523498535, 'train_lr': 0.08000020000000001, 'batch_time': 0.4992601712255898, 'data_time': 0.0016711197999974155}
2025-10-31 04:49:34,345 - INFO - Step 42336: {'train_loss_batch': 4.8992743492126465, 'train_lr': 0.08000020000000001, 'batch_time': 0.49923646361969803, 'data_time': 0.0016424396876302402}
2025-10-31 04:50:24,193 - INFO - Step 42436: {'train_loss_batch': 5.369519233703613, 'train_lr': 0.08000020000000001, 'batch_time': 0.4992045912331514, 'data_time': 0.0016163739995229548}
2025-10-31 04:51:14,058 - INFO - Step 42536: {'train_loss_batch': 5.417108535766602, 'train_lr': 0.08000020000000001, 'batch_time': 0.4991823135019064, 'data_time': 0.0015916152269255873}
2025-10-31 04:52:03,930 - INFO - Step 42636: {'train_loss_batch': 3.9049770832061768, 'train_lr': 0.08000020000000001, 'batch_time': 0.4991646116396777, 'data_time': 0.0015677106880032526}
2025-10-31 04:52:53,775 - INFO - Step 42736: {'train_loss_batch': 5.370980262756348, 'train_lr': 0.08000020000000001, 'batch_time': 0.49913815064414346, 'data_time': 0.0015466672232838658}
2025-10-31 04:53:43,633 - INFO - Step 42836: {'train_loss_batch': 4.913239479064941, 'train_lr': 0.08000020000000001, 'batch_time': 0.49911810380567273, 'data_time': 0.0015274086665868845}
2025-10-31 04:54:33,486 - INFO - Step 42936: {'train_loss_batch': 3.6398873329162598, 'train_lr': 0.08000020000000001, 'batch_time': 0.49909775456820055, 'data_time': 0.0015108158817705472}
2025-10-31 04:55:23,354 - INFO - Step 43036: {'train_loss_batch': 5.099104881286621, 'train_lr': 0.08000020000000001, 'batch_time': 0.499084043407472, 'data_time': 0.0014935929312065656}
2025-10-31 04:56:13,226 - INFO - Step 43136: {'train_loss_batch': 5.137021541595459, 'train_lr': 0.08000020000000001, 'batch_time': 0.4990719814755693, 'data_time': 0.001478600217541815}
2025-10-31 04:57:03,090 - INFO - Step 43236: {'train_loss_batch': 4.974452972412109, 'train_lr': 0.08000020000000001, 'batch_time': 0.4990584407140225, 'data_time': 0.0014643094868110292}
2025-10-31 04:57:52,943 - INFO - Step 43336: {'train_loss_batch': 4.5905327796936035, 'train_lr': 0.08000020000000001, 'batch_time': 0.4990423289041597, 'data_time': 0.001449717279276462}
2025-10-31 04:58:42,800 - INFO - Step 43436: {'train_loss_batch': 5.520522594451904, 'train_lr': 0.08000020000000001, 'batch_time': 0.49902858603740224, 'data_time': 0.0014362462791615604}
2025-10-31 04:59:32,643 - INFO - Step 43536: {'train_loss_batch': 3.9060869216918945, 'train_lr': 0.08000020000000001, 'batch_time': 0.49901139753200574, 'data_time': 0.0014239855065954579}
2025-10-31 05:00:22,522 - INFO - Step 43636: {'train_loss_batch': 5.7001752853393555, 'train_lr': 0.08000020000000001, 'batch_time': 0.4990053076242215, 'data_time': 0.001413993059479836}
2025-10-31 05:01:12,407 - INFO - Step 43736: {'train_loss_batch': 3.7384374141693115, 'train_lr': 0.08000020000000001, 'batch_time': 0.4990010848402236, 'data_time': 0.0014038412547117953}
2025-10-31 05:02:02,284 - INFO - Step 43836: {'train_loss_batch': 5.935723304748535, 'train_lr': 0.08000020000000001, 'batch_time': 0.49899494902016894, 'data_time': 0.0013932727004816205}
2025-10-31 05:02:52,140 - INFO - Step 43936: {'train_loss_batch': 3.570505142211914, 'train_lr': 0.08000020000000001, 'batch_time': 0.4989836046677985, 'data_time': 0.0013834707738802513}
2025-10-31 05:03:41,987 - INFO - Step 44036: {'train_loss_batch': 5.091888427734375, 'train_lr': 0.08000020000000001, 'batch_time': 0.4989707278061199, 'data_time': 0.0013739630092057368}
2025-10-31 05:04:31,855 - INFO - Step 44136: {'train_loss_batch': 3.9328486919403076, 'train_lr': 0.08000020000000001, 'batch_time': 0.49896370274530505, 'data_time': 0.0013645578378353198}
2025-10-31 05:05:21,711 - INFO - Step 44236: {'train_loss_batch': 4.343896389007568, 'train_lr': 0.08000020000000001, 'batch_time': 0.4989540208041512, 'data_time': 0.0013553134261696318}
2025-10-31 05:06:11,597 - INFO - Step 44336: {'train_loss_batch': 4.165337085723877, 'train_lr': 0.08000020000000001, 'batch_time': 0.4989517835982038, 'data_time': 0.0013482626081483082}
2025-10-31 05:07:01,444 - INFO - Step 44436: {'train_loss_batch': 5.343158721923828, 'train_lr': 0.08000020000000001, 'batch_time': 0.4989409365997453, 'data_time': 0.0013403411996118103}
2025-10-31 05:07:51,350 - INFO - Step 44536: {'train_loss_batch': 5.447731018066406, 'train_lr': 0.08000020000000001, 'batch_time': 0.4989433684790831, 'data_time': 0.0013339068195179445}
2025-10-31 05:08:41,194 - INFO - Step 44636: {'train_loss_batch': 3.6436967849731445, 'train_lr': 0.08000020000000001, 'batch_time': 0.498932417929885, 'data_time': 0.0013271506209395238}
2025-10-31 05:09:31,035 - INFO - Step 44736: {'train_loss_batch': 5.630939483642578, 'train_lr': 0.08000020000000001, 'batch_time': 0.49892135697003503, 'data_time': 0.0013189558221086291}
2025-10-31 05:10:20,912 - INFO - Step 44836: {'train_loss_batch': 5.2905378341674805, 'train_lr': 0.08000020000000001, 'batch_time': 0.498918038560708, 'data_time': 0.0013119603812359344}
2025-10-31 05:11:10,767 - INFO - Step 44936: {'train_loss_batch': 5.467901229858398, 'train_lr': 0.08000020000000001, 'batch_time': 0.4989106189083309, 'data_time': 0.0013049240380835713}
2025-10-31 05:12:00,628 - INFO - Step 45036: {'train_loss_batch': 3.7277095317840576, 'train_lr': 0.08000020000000001, 'batch_time': 0.49890456984363013, 'data_time': 0.0012993700049968033}
2025-10-31 05:12:50,517 - INFO - Step 45136: {'train_loss_batch': 4.236669540405273, 'train_lr': 0.08000020000000001, 'batch_time': 0.4989042780348376, 'data_time': 0.0012933599366975331}
2025-10-31 05:13:40,384 - INFO - Step 45236: {'train_loss_batch': 3.9480061531066895, 'train_lr': 0.08000020000000001, 'batch_time': 0.4988997347926525, 'data_time': 0.001288410700919238}
2025-10-31 05:14:30,247 - INFO - Step 45336: {'train_loss_batch': 5.521289825439453, 'train_lr': 0.08000020000000001, 'batch_time': 0.4988945614412312, 'data_time': 0.0012835915685487096}
2025-10-31 05:15:20,151 - INFO - Step 45436: {'train_loss_batch': 3.8450493812561035, 'train_lr': 0.08000020000000001, 'batch_time': 0.498897215411125, 'data_time': 0.0012779071184909469}
2025-10-31 05:16:10,001 - INFO - Step 45536: {'train_loss_batch': 3.8964643478393555, 'train_lr': 0.08000020000000001, 'batch_time': 0.4988899671734517, 'data_time': 0.0012730420925166038}
2025-10-31 05:16:59,893 - INFO - Step 45636: {'train_loss_batch': 4.399529933929443, 'train_lr': 0.08000020000000001, 'batch_time': 0.4988905120972884, 'data_time': 0.0012686539922222837}
2025-10-31 05:17:49,774 - INFO - Step 45736: {'train_loss_batch': 5.450471878051758, 'train_lr': 0.08000020000000001, 'batch_time': 0.49888908095661744, 'data_time': 0.0012639809273728318}
2025-10-31 05:18:39,660 - INFO - Step 45836: {'train_loss_batch': 3.7802679538726807, 'train_lr': 0.08000020000000001, 'batch_time': 0.49888857318047636, 'data_time': 0.001259852146161176}
2025-10-31 05:19:29,562 - INFO - Step 45936: {'train_loss_batch': 4.56048583984375, 'train_lr': 0.08000020000000001, 'batch_time': 0.49889078703477735, 'data_time': 0.0012549678464397254}
2025-10-31 05:20:19,434 - INFO - Step 46036: {'train_loss_batch': 5.322465419769287, 'train_lr': 0.08000020000000001, 'batch_time': 0.4988879348571808, 'data_time': 0.0012512021493045634}
2025-10-31 05:21:09,322 - INFO - Step 46136: {'train_loss_batch': 5.7982072830200195, 'train_lr': 0.08000020000000001, 'batch_time': 0.49888764512556494, 'data_time': 0.0012475689636490576}
2025-10-31 05:21:59,181 - INFO - Step 46236: {'train_loss_batch': 5.571434497833252, 'train_lr': 0.08000020000000001, 'batch_time': 0.49888281952160207, 'data_time': 0.0012434814999399983}
2025-10-31 05:22:49,018 - INFO - Step 46336: {'train_loss_batch': 3.8887064456939697, 'train_lr': 0.08000020000000001, 'batch_time': 0.4988746518200304, 'data_time': 0.0012388482129378955}
2025-10-31 05:23:38,890 - INFO - Step 46436: {'train_loss_batch': 3.587853193283081, 'train_lr': 0.08000020000000001, 'batch_time': 0.49887223020975824, 'data_time': 0.0012356405462292726}
2025-10-31 05:24:28,774 - INFO - Step 46536: {'train_loss_batch': 5.083918571472168, 'train_lr': 0.08000020000000001, 'batch_time': 0.49887170242980855, 'data_time': 0.0012318494594605073}
2025-10-31 05:25:18,633 - INFO - Step 46636: {'train_loss_batch': 4.217825412750244, 'train_lr': 0.08000020000000001, 'batch_time': 0.49886746353099715, 'data_time': 0.0012292973544810364}
2025-10-31 05:26:08,486 - INFO - Step 46736: {'train_loss_batch': 3.73236083984375, 'train_lr': 0.08000020000000001, 'batch_time': 0.4988623527142027, 'data_time': 0.0012252618262810842}
2025-10-31 05:26:58,335 - INFO - Step 46836: {'train_loss_batch': 3.7477986812591553, 'train_lr': 0.08000020000000001, 'batch_time': 0.49885696106983485, 'data_time': 0.0012224372599584498}
2025-10-31 05:27:48,187 - INFO - Step 46936: {'train_loss_batch': 4.0437397956848145, 'train_lr': 0.08000020000000001, 'batch_time': 0.4988519850372836, 'data_time': 0.0012189554591193405}
2025-10-31 05:28:38,069 - INFO - Step 47036: {'train_loss_batch': 5.513941764831543, 'train_lr': 0.08000020000000001, 'batch_time': 0.4988514964639451, 'data_time': 0.0012155102246353547}
2025-10-31 05:29:27,951 - INFO - Step 47136: {'train_loss_batch': 4.368369102478027, 'train_lr': 0.08000020000000001, 'batch_time': 0.49885106392266665, 'data_time': 0.001213395080168874}
2025-10-31 05:30:17,822 - INFO - Step 47236: {'train_loss_batch': 5.575808525085449, 'train_lr': 0.08000020000000001, 'batch_time': 0.49884916126620454, 'data_time': 0.0012098581422419867}
2025-10-31 05:31:07,696 - INFO - Step 47336: {'train_loss_batch': 5.211714744567871, 'train_lr': 0.08000020000000001, 'batch_time': 0.49884763911495045, 'data_time': 0.0012068598258333685}
2025-10-31 05:31:57,560 - INFO - Step 47436: {'train_loss_batch': 4.033583164215088, 'train_lr': 0.08000020000000001, 'batch_time': 0.49884480750974713, 'data_time': 0.0012041064730013984}
2025-10-31 05:32:47,412 - INFO - Step 47536: {'train_loss_batch': 5.1915364265441895, 'train_lr': 0.08000020000000001, 'batch_time': 0.49884035904842, 'data_time': 0.001201430506236457}
2025-10-31 05:33:37,270 - INFO - Step 47636: {'train_loss_batch': 3.6856164932250977, 'train_lr': 0.08000020000000001, 'batch_time': 0.49883698598442383, 'data_time': 0.0011990146250524672}
2025-10-31 05:34:27,143 - INFO - Step 47736: {'train_loss_batch': 3.7166366577148438, 'train_lr': 0.08000020000000001, 'batch_time': 0.4988356045261171, 'data_time': 0.0011966929406628116}
2025-10-31 05:35:16,998 - INFO - Step 47836: {'train_loss_batch': 5.145081520080566, 'train_lr': 0.08000020000000001, 'batch_time': 0.4988318095374086, 'data_time': 0.0011944440126021754}
2025-10-31 05:36:06,834 - INFO - Step 47936: {'train_loss_batch': 3.619805335998535, 'train_lr': 0.08000020000000001, 'batch_time': 0.49882589275513156, 'data_time': 0.001191461679226627}
2025-10-31 05:36:56,738 - INFO - Step 48036: {'train_loss_batch': 5.169827461242676, 'train_lr': 0.08000020000000001, 'batch_time': 0.49882840314606935, 'data_time': 0.0011903399036103763}
2025-10-31 05:37:46,672 - INFO - Step 48136: {'train_loss_batch': 4.574042320251465, 'train_lr': 0.08000020000000001, 'batch_time': 0.4988347889243666, 'data_time': 0.0011914448007626704}
2025-10-31 05:38:36,530 - INFO - Step 48236: {'train_loss_batch': 3.969289779663086, 'train_lr': 0.08000020000000001, 'batch_time': 0.4988316422685619, 'data_time': 0.0011888030621645261}
